<?xml version="1.0" encoding="UTF-8"?>
<robot generator="Robot 7.1 (Python 3.13.0 on win32)" generated="2025-01-15T17:09:13.152983" rpa="false" schemaversion="5">
<suite id="s1" name="Tests-Templates" source="C:\Users\ga060147\Desktop\gabi\ja-teste-robot\ja-testes-automatizados\tests-cases\tests-templates.robot">
<kw name="Teste de Login" owner="resource" type="SETUP">
<kw name="Open Browser" owner="SeleniumLibrary">
<msg time="2025-01-15T17:09:14.703455" level="INFO">Opening browser 'chrome' to base url 'http://10.100.61.145:11080/'.</msg>
<arg>${url}</arg>
<arg>${browser}</arg>
<doc>Opens a new browser instance to the optional ``url``.</doc>
<status status="PASS" start="2025-01-15T17:09:14.702930" elapsed="4.154873"/>
</kw>
<kw name="Maximize Browser Window" owner="SeleniumLibrary">
<doc>Maximizes current browser window.</doc>
<status status="PASS" start="2025-01-15T17:09:18.858222" elapsed="0.190966"/>
</kw>
<kw name="Sleep" owner="BuiltIn">
<msg time="2025-01-15T17:09:24.050310" level="INFO">Slept 5 seconds.</msg>
<arg>5s</arg>
<doc>Pauses the test executed for the given time.</doc>
<status status="PASS" start="2025-01-15T17:09:19.049518" elapsed="5.000948"/>
</kw>
<kw name="Input Text" owner="SeleniumLibrary">
<msg time="2025-01-15T17:09:24.051374" level="INFO">Typing text 'system' into text field 'id:input-text-user-login'.</msg>
<arg>${input_user}</arg>
<arg>system</arg>
<doc>Types the given ``text`` into the text field identified by ``locator``.</doc>
<status status="PASS" start="2025-01-15T17:09:24.050770" elapsed="0.125760"/>
</kw>
<kw name="Input Password" owner="SeleniumLibrary">
<msg time="2025-01-15T17:09:24.177507" level="INFO">Typing password into text field 'id:input-text-password-login'.</msg>
<msg time="2025-01-15T17:09:24.216796" level="INFO">Temporally setting log level to: NONE</msg>
<arg>${input_senha}</arg>
<arg>Admin123</arg>
<doc>Types the given password into the text field identified by ``locator``.</doc>
<status status="PASS" start="2025-01-15T17:09:24.176986" elapsed="0.100776"/>
</kw>
<kw name="Click Button" owner="SeleniumLibrary">
<msg time="2025-01-15T17:09:24.278142" level="INFO">Clicking button 'id:button-submit-login'.</msg>
<arg>${Button}</arg>
<doc>Clicks the button identified by ``locator``.</doc>
<status status="PASS" start="2025-01-15T17:09:24.277952" elapsed="0.085569"/>
</kw>
<kw name="Sleep" owner="BuiltIn">
<msg time="2025-01-15T17:09:28.365186" level="INFO">Slept 4 seconds.</msg>
<arg>4s</arg>
<doc>Pauses the test executed for the given time.</doc>
<status status="PASS" start="2025-01-15T17:09:24.364241" elapsed="4.001122"/>
</kw>
<kw name="Get Text" owner="SeleniumLibrary">
<msg time="2025-01-15T17:09:28.399198" level="INFO">${h1_text} = HOME</msg>
<var>${h1_text}</var>
<arg>${text_home}</arg>
<doc>Returns the text value of the element identified by ``locator``.</doc>
<status status="PASS" start="2025-01-15T17:09:28.365746" elapsed="0.033542"/>
</kw>
<kw name="Should Be Equal As Strings" owner="BuiltIn">
<arg>${h1_text}</arg>
<arg>HOME</arg>
<doc>Fails if objects are unequal after converting them to strings.</doc>
<status status="PASS" start="2025-01-15T17:09:28.399632" elapsed="0.000320"/>
</kw>
<status status="PASS" start="2025-01-15T17:09:14.700382" elapsed="13.699701"/>
</kw>
<test id="s1-t1" name="Teste 24: Teste de criação de evento" line="130">
<kw name="levar o cursor ate a barra lateral" owner="resource">
<kw name="Mouse Over" owner="SeleniumLibrary">
<msg time="2025-01-15T17:09:28.403122" level="INFO">Simulating Mouse Over on element 'xpath=//a[@href="/central-incendio"]'.</msg>
<arg>${button-central-incendio}</arg>
<doc>Simulates hovering the mouse over the element ``locator``.</doc>
<status status="PASS" start="2025-01-15T17:09:28.402914" elapsed="0.281223"/>
</kw>
<kw name="Sleep" owner="BuiltIn">
<msg time="2025-01-15T17:09:30.684999" level="INFO">Slept 2 seconds.</msg>
<arg>2s</arg>
<doc>Pauses the test executed for the given time.</doc>
<status status="PASS" start="2025-01-15T17:09:28.684338" elapsed="2.000770"/>
</kw>
<status status="PASS" start="2025-01-15T17:09:28.402551" elapsed="2.282678"/>
</kw>
<kw name="clicar em 'Centrais de alarme'" owner="resource">
<kw name="Wait Until Element Is Visible" owner="SeleniumLibrary">
<arg>${central-alarme}</arg>
<doc>Waits until the element ``locator`` is visible.</doc>
<status status="PASS" start="2025-01-15T17:09:30.685897" elapsed="0.029759"/>
</kw>
<kw name="Click Element" owner="SeleniumLibrary">
<msg time="2025-01-15T17:09:30.716217" level="INFO">Clicking element 'xpath=//*[@id="central-alarme"]/button'.</msg>
<arg>${central-alarme}</arg>
<doc>Click the element identified by ``locator``.</doc>
<status status="PASS" start="2025-01-15T17:09:30.715865" elapsed="0.082515"/>
</kw>
<kw name="Sleep" owner="BuiltIn">
<msg time="2025-01-15T17:09:35.799427" level="INFO">Slept 5 seconds.</msg>
<arg>5s</arg>
<doc>Pauses the test executed for the given time.</doc>
<status status="PASS" start="2025-01-15T17:09:30.798799" elapsed="5.000747"/>
</kw>
<status status="PASS" start="2025-01-15T17:09:30.685613" elapsed="5.114037"/>
</kw>
<kw name="clicar em 'Templates'">
<kw name="Wait Until Element Is Visible" owner="SeleniumLibrary">
<arg>${button-templates}</arg>
<doc>Waits until the element ``locator`` is visible.</doc>
<status status="PASS" start="2025-01-15T17:09:35.800299" elapsed="0.023491"/>
</kw>
<kw name="Mouse Over" owner="SeleniumLibrary">
<msg time="2025-01-15T17:09:35.824197" level="INFO">Simulating Mouse Over on element 'xpath=//a[@href="/template-eventos"]'.</msg>
<arg>${button-templates}</arg>
<doc>Simulates hovering the mouse over the element ``locator``.</doc>
<status status="PASS" start="2025-01-15T17:09:35.823983" elapsed="0.283287"/>
</kw>
<kw name="Click Element" owner="SeleniumLibrary">
<msg time="2025-01-15T17:09:36.107698" level="INFO">Clicking element 'xpath=//a[@href="/template-eventos"]'.</msg>
<arg>${button-templates}</arg>
<doc>Click the element identified by ``locator``.</doc>
<status status="PASS" start="2025-01-15T17:09:36.107470" elapsed="0.071240"/>
</kw>
<status status="PASS" start="2025-01-15T17:09:35.799991" elapsed="0.378845"/>
</kw>
<kw name="clicar em 'Novo template'">
<kw name="Wait Until Element Is Visible" owner="SeleniumLibrary">
<arg>${button-new-templates}</arg>
<doc>Waits until the element ``locator`` is visible.</doc>
<status status="PASS" start="2025-01-15T17:09:36.179544" elapsed="0.230601"/>
</kw>
<kw name="Click Element" owner="SeleniumLibrary">
<msg time="2025-01-15T17:09:36.410570" level="INFO">Clicking element 'id:button-create-event'.</msg>
<arg>${button-new-templates}</arg>
<doc>Click the element identified by ``locator``.</doc>
<status status="PASS" start="2025-01-15T17:09:36.410358" elapsed="0.063678"/>
</kw>
<status status="PASS" start="2025-01-15T17:09:36.179180" elapsed="0.295022"/>
</kw>
<kw name="preencher o campo nome evento">
<kw name="Wait Until Element Is Visible" owner="SeleniumLibrary">
<arg>${input-nome-evento}</arg>
<doc>Waits until the element ``locator`` is visible.</doc>
<status status="PASS" start="2025-01-15T17:09:36.474836" elapsed="0.232490"/>
</kw>
<kw name="Input Text" owner="SeleniumLibrary">
<msg time="2025-01-15T17:09:36.707764" level="INFO">Typing text 'teste-robot' into text field 'xpath=/html/body/main/div[2]/div[2]/div[2]/div/div[1]/div/div[1]/div/input'.</msg>
<arg>${input-nome-evento}</arg>
<arg>teste-robot</arg>
<doc>Types the given ``text`` into the text field identified by ``locator``.</doc>
<status status="PASS" start="2025-01-15T17:09:36.707550" elapsed="0.276161"/>
</kw>
<status status="PASS" start="2025-01-15T17:09:36.474541" elapsed="0.509288"/>
</kw>
<kw name="Selecionar Itens e Zonas">
<kw name="Wait Until Element Is Visible" owner="SeleniumLibrary">
<arg>${button-abrir-zonas}</arg>
<doc>Waits until the element ``locator`` is visible.</doc>
<status status="PASS" start="2025-01-15T17:09:36.984584" elapsed="0.019832"/>
</kw>
<kw name="Click Element" owner="SeleniumLibrary">
<msg time="2025-01-15T17:09:37.004881" level="INFO">Clicking element 'xpath=/html/body/main/div[2]/div[2]/div[2]/div/div[1]/div/div[3]/div/div/div[1]/div[1]'.</msg>
<arg>${button-abrir-zonas}</arg>
<doc>Click the element identified by ``locator``.</doc>
<status status="PASS" start="2025-01-15T17:09:37.004613" elapsed="0.068666"/>
</kw>
<kw name="Get WebElements" owner="SeleniumLibrary">
<msg time="2025-01-15T17:09:37.094720" level="INFO">${elementos} = [&lt;selenium.webdriver.remote.webelement.WebElement (session="5adc7f46b9aa8d50c1f29ad212b850ac", element="f.9C8700D3978ED77291FBF292132BF80F.d.B1C4FA539514C8652A5A9D920D447B51.e.110")&gt;, &lt;selenium.webdri...</msg>
<var>${elementos}</var>
<arg>xpath=//*[contains(@id, '-name-index-')]</arg>
<doc>Returns a list of WebElement objects matching the ``locator``.</doc>
<status status="PASS" start="2025-01-15T17:09:37.073512" elapsed="0.021261"/>
</kw>
<kw name="Set Variable" owner="BuiltIn">
<msg time="2025-01-15T17:09:37.096037" level="INFO">${id_checkbox} = </msg>
<var>${id_checkbox}</var>
<arg>${EMPTY}</arg>
<doc>Returns the given values which can then be assigned to a variables.</doc>
<status status="PASS" start="2025-01-15T17:09:37.094962" elapsed="0.001125"/>
</kw>
<for flavor="IN">
<iter>
<kw name="Get Element Attribute" owner="SeleniumLibrary">
<msg time="2025-01-15T17:09:37.096624" level="WARN">Keyword 'Get Element Attribute' found both from a custom library 'SeleniumLibrary' and a standard library 'XML'. The custom keyword is used. To select explicitly, and to get rid of this warning, use either 'SeleniumLibrary.Get Element Attribute' or 'XML.Get Element Attribute'.</msg>
<msg time="2025-01-15T17:09:37.110903" level="INFO">${id_elemento} = -name-index-0</msg>
<var>${id_elemento}</var>
<arg>${elemento}</arg>
<arg>id</arg>
<doc>Returns the value of ``attribute`` from the element ``locator``.</doc>
<status status="PASS" start="2025-01-15T17:09:37.096670" elapsed="0.014300"/>
</kw>
<kw name="Extract Numero Do Id">
<kw name="Split String" owner="String">
<msg time="2025-01-15T17:09:37.112276" level="INFO">${partes} = ['-name-index-0']</msg>
<var>${partes}</var>
<arg>${id_elemento}</arg>
<arg>'-'</arg>
<doc>Splits the ``string`` using ``separator`` as a delimiter string.</doc>
<status status="PASS" start="2025-01-15T17:09:37.111941" elapsed="0.000384"/>
</kw>
<kw name="Get Index From List" owner="Collections">
<msg time="2025-01-15T17:09:37.112899" level="INFO">${index} = -1</msg>
<var>${index}</var>
<arg>${partes}</arg>
<arg>${text-template}</arg>
<doc>Returns the index of the first occurrence of the ``value`` on the list.</doc>
<status status="PASS" start="2025-01-15T17:09:37.112563" elapsed="0.000380"/>
</kw>
<kw name="Get From List" owner="Collections">
<msg time="2025-01-15T17:09:37.115671" level="INFO">${numero} = -name-index-0</msg>
<var>${numero}</var>
<arg>${partes}</arg>
<arg>${index}</arg>
<doc>Returns the value specified with an ``index`` from ``list``.</doc>
<status status="PASS" start="2025-01-15T17:09:37.113734" elapsed="0.002150"/>
</kw>
<return>
<value>${numero}</value>
<status status="PASS" start="2025-01-15T17:09:37.116502" elapsed="0.000112"/>
</return>
<msg time="2025-01-15T17:09:37.116896" level="INFO">${numero} = -name-index-0</msg>
<var>${numero}</var>
<arg>${id_elemento}</arg>
<status status="PASS" start="2025-01-15T17:09:37.111369" elapsed="0.005576"/>
</kw>
<kw name="Get Text" owner="SeleniumLibrary">
<msg time="2025-01-15T17:09:37.134162" level="INFO">${texto_elemento} = </msg>
<var>${texto_elemento}</var>
<arg>${elemento}</arg>
<doc>Returns the text value of the element identified by ``locator``.</doc>
<status status="PASS" start="2025-01-15T17:09:37.117190" elapsed="0.017017"/>
</kw>
<kw name="Run Keyword If" owner="BuiltIn">
<arg>'${texto_elemento}' == '${text-template}'</arg>
<arg>Substituir Id Do Checkbox</arg>
<arg>${numero}</arg>
<doc>Runs the given keyword with the given arguments, if ``condition`` is true.</doc>
<status status="PASS" start="2025-01-15T17:09:37.134425" elapsed="0.000234"/>
</kw>
<var name="${elemento}">&lt;selenium.webdriver.remote.webelement.WebElement (session="5adc7f46b9aa8d50c1f29ad212b850ac", element="f.9C8700D3978ED77291FBF292132BF80F.d.B1C4FA539514C8652A5A9D920D447B51.e.110")&gt;</var>
<status status="PASS" start="2025-01-15T17:09:37.096501" elapsed="0.038221"/>
</iter>
<iter>
<kw name="Get Element Attribute" owner="SeleniumLibrary">
<msg time="2025-01-15T17:09:37.134972" level="WARN">Keyword 'Get Element Attribute' found both from a custom library 'SeleniumLibrary' and a standard library 'XML'. The custom keyword is used. To select explicitly, and to get rid of this warning, use either 'SeleniumLibrary.Get Element Attribute' or 'XML.Get Element Attribute'.</msg>
<msg time="2025-01-15T17:09:37.153365" level="INFO">${id_elemento} = -name-index-1</msg>
<var>${id_elemento}</var>
<arg>${elemento}</arg>
<arg>id</arg>
<doc>Returns the value of ``attribute`` from the element ``locator``.</doc>
<status status="PASS" start="2025-01-15T17:09:37.135013" elapsed="0.018455"/>
</kw>
<kw name="Extract Numero Do Id">
<kw name="Split String" owner="String">
<msg time="2025-01-15T17:09:37.155202" level="INFO">${partes} = ['-name-index-1']</msg>
<var>${partes}</var>
<arg>${id_elemento}</arg>
<arg>'-'</arg>
<doc>Splits the ``string`` using ``separator`` as a delimiter string.</doc>
<status status="PASS" start="2025-01-15T17:09:37.154690" elapsed="0.000587"/>
</kw>
<kw name="Get Index From List" owner="Collections">
<msg time="2025-01-15T17:09:37.156121" level="INFO">${index} = -1</msg>
<var>${index}</var>
<arg>${partes}</arg>
<arg>${text-template}</arg>
<doc>Returns the index of the first occurrence of the ``value`` on the list.</doc>
<status status="PASS" start="2025-01-15T17:09:37.155648" elapsed="0.000559"/>
</kw>
<kw name="Get From List" owner="Collections">
<msg time="2025-01-15T17:09:37.157581" level="INFO">${numero} = -name-index-1</msg>
<var>${numero}</var>
<arg>${partes}</arg>
<arg>${index}</arg>
<doc>Returns the value specified with an ``index`` from ``list``.</doc>
<status status="PASS" start="2025-01-15T17:09:37.156660" elapsed="0.001040"/>
</kw>
<return>
<value>${numero}</value>
<status status="PASS" start="2025-01-15T17:09:37.158254" elapsed="0.000152"/>
</return>
<msg time="2025-01-15T17:09:37.158903" level="INFO">${numero} = -name-index-1</msg>
<var>${numero}</var>
<arg>${id_elemento}</arg>
<status status="PASS" start="2025-01-15T17:09:37.153908" elapsed="0.005174"/>
</kw>
<kw name="Get Text" owner="SeleniumLibrary">
<msg time="2025-01-15T17:09:37.180685" level="INFO">${texto_elemento} = Disparo de cerca elétrica</msg>
<var>${texto_elemento}</var>
<arg>${elemento}</arg>
<doc>Returns the text value of the element identified by ``locator``.</doc>
<status status="PASS" start="2025-01-15T17:09:37.159474" elapsed="0.021255"/>
</kw>
<kw name="Run Keyword If" owner="BuiltIn">
<arg>'${texto_elemento}' == '${text-template}'</arg>
<arg>Substituir Id Do Checkbox</arg>
<arg>${numero}</arg>
<doc>Runs the given keyword with the given arguments, if ``condition`` is true.</doc>
<status status="PASS" start="2025-01-15T17:09:37.180930" elapsed="0.000257"/>
</kw>
<var name="${elemento}">&lt;selenium.webdriver.remote.webelement.WebElement (session="5adc7f46b9aa8d50c1f29ad212b850ac", element="f.9C8700D3978ED77291FBF292132BF80F.d.B1C4FA539514C8652A5A9D920D447B51.e.111")&gt;</var>
<status status="PASS" start="2025-01-15T17:09:37.134874" elapsed="0.046386"/>
</iter>
<iter>
<kw name="Get Element Attribute" owner="SeleniumLibrary">
<msg time="2025-01-15T17:09:37.181518" level="WARN">Keyword 'Get Element Attribute' found both from a custom library 'SeleniumLibrary' and a standard library 'XML'. The custom keyword is used. To select explicitly, and to get rid of this warning, use either 'SeleniumLibrary.Get Element Attribute' or 'XML.Get Element Attribute'.</msg>
<msg time="2025-01-15T17:09:37.194793" level="INFO">${id_elemento} = -name-index-2</msg>
<var>${id_elemento}</var>
<arg>${elemento}</arg>
<arg>id</arg>
<doc>Returns the value of ``attribute`` from the element ``locator``.</doc>
<status status="PASS" start="2025-01-15T17:09:37.181563" elapsed="0.013277"/>
</kw>
<kw name="Extract Numero Do Id">
<kw name="Split String" owner="String">
<msg time="2025-01-15T17:09:37.195686" level="INFO">${partes} = ['-name-index-2']</msg>
<var>${partes}</var>
<arg>${id_elemento}</arg>
<arg>'-'</arg>
<doc>Splits the ``string`` using ``separator`` as a delimiter string.</doc>
<status status="PASS" start="2025-01-15T17:09:37.195516" elapsed="0.000199"/>
</kw>
<kw name="Get Index From List" owner="Collections">
<msg time="2025-01-15T17:09:37.196047" level="INFO">${index} = -1</msg>
<var>${index}</var>
<arg>${partes}</arg>
<arg>${text-template}</arg>
<doc>Returns the index of the first occurrence of the ``value`` on the list.</doc>
<status status="PASS" start="2025-01-15T17:09:37.195839" elapsed="0.000236"/>
</kw>
<kw name="Get From List" owner="Collections">
<msg time="2025-01-15T17:09:37.196355" level="INFO">${numero} = -name-index-2</msg>
<var>${numero}</var>
<arg>${partes}</arg>
<arg>${index}</arg>
<doc>Returns the value specified with an ``index`` from ``list``.</doc>
<status status="PASS" start="2025-01-15T17:09:37.196195" elapsed="0.000190"/>
</kw>
<return>
<value>${numero}</value>
<status status="PASS" start="2025-01-15T17:09:37.196450" elapsed="0.000042"/>
</return>
<msg time="2025-01-15T17:09:37.196614" level="INFO">${numero} = -name-index-2</msg>
<var>${numero}</var>
<arg>${id_elemento}</arg>
<status status="PASS" start="2025-01-15T17:09:37.195207" elapsed="0.001432"/>
</kw>
<kw name="Get Text" owner="SeleniumLibrary">
<msg time="2025-01-15T17:09:37.211200" level="INFO">${texto_elemento} = Disparo 24h</msg>
<var>${texto_elemento}</var>
<arg>${elemento}</arg>
<doc>Returns the text value of the element identified by ``locator``.</doc>
<status status="PASS" start="2025-01-15T17:09:37.196757" elapsed="0.014484"/>
</kw>
<kw name="Run Keyword If" owner="BuiltIn">
<arg>'${texto_elemento}' == '${text-template}'</arg>
<arg>Substituir Id Do Checkbox</arg>
<arg>${numero}</arg>
<doc>Runs the given keyword with the given arguments, if ``condition`` is true.</doc>
<status status="PASS" start="2025-01-15T17:09:37.211439" elapsed="0.000215"/>
</kw>
<var name="${elemento}">&lt;selenium.webdriver.remote.webelement.WebElement (session="5adc7f46b9aa8d50c1f29ad212b850ac", element="f.9C8700D3978ED77291FBF292132BF80F.d.B1C4FA539514C8652A5A9D920D447B51.e.112")&gt;</var>
<status status="PASS" start="2025-01-15T17:09:37.181417" elapsed="0.030297"/>
</iter>
<iter>
<kw name="Get Element Attribute" owner="SeleniumLibrary">
<msg time="2025-01-15T17:09:37.211983" level="WARN">Keyword 'Get Element Attribute' found both from a custom library 'SeleniumLibrary' and a standard library 'XML'. The custom keyword is used. To select explicitly, and to get rid of this warning, use either 'SeleniumLibrary.Get Element Attribute' or 'XML.Get Element Attribute'.</msg>
<msg time="2025-01-15T17:09:37.222720" level="INFO">${id_elemento} = -name-index-3</msg>
<var>${id_elemento}</var>
<arg>${elemento}</arg>
<arg>id</arg>
<doc>Returns the value of ``attribute`` from the element ``locator``.</doc>
<status status="PASS" start="2025-01-15T17:09:37.212027" elapsed="0.011073"/>
</kw>
<kw name="Extract Numero Do Id">
<kw name="Split String" owner="String">
<msg time="2025-01-15T17:09:37.224713" level="INFO">${partes} = ['-name-index-3']</msg>
<var>${partes}</var>
<arg>${id_elemento}</arg>
<arg>'-'</arg>
<doc>Splits the ``string`` using ``separator`` as a delimiter string.</doc>
<status status="PASS" start="2025-01-15T17:09:37.224419" elapsed="0.000365"/>
</kw>
<kw name="Get Index From List" owner="Collections">
<msg time="2025-01-15T17:09:37.226266" level="INFO">${index} = -1</msg>
<var>${index}</var>
<arg>${partes}</arg>
<arg>${text-template}</arg>
<doc>Returns the index of the first occurrence of the ``value`` on the list.</doc>
<status status="PASS" start="2025-01-15T17:09:37.225115" elapsed="0.001235"/>
</kw>
<kw name="Get From List" owner="Collections">
<msg time="2025-01-15T17:09:37.226847" level="INFO">${numero} = -name-index-3</msg>
<var>${numero}</var>
<arg>${partes}</arg>
<arg>${index}</arg>
<doc>Returns the value specified with an ``index`` from ``list``.</doc>
<status status="PASS" start="2025-01-15T17:09:37.226571" elapsed="0.000313"/>
</kw>
<return>
<value>${numero}</value>
<status status="PASS" start="2025-01-15T17:09:37.226971" elapsed="0.000050"/>
</return>
<msg time="2025-01-15T17:09:37.227185" level="INFO">${numero} = -name-index-3</msg>
<var>${numero}</var>
<arg>${id_elemento}</arg>
<status status="PASS" start="2025-01-15T17:09:37.223803" elapsed="0.003414"/>
</kw>
<kw name="Get Text" owner="SeleniumLibrary">
<msg time="2025-01-15T17:09:37.238332" level="INFO">${texto_elemento} = Disparo silencioso</msg>
<var>${texto_elemento}</var>
<arg>${elemento}</arg>
<doc>Returns the text value of the element identified by ``locator``.</doc>
<status status="PASS" start="2025-01-15T17:09:37.227398" elapsed="0.010993"/>
</kw>
<kw name="Run Keyword If" owner="BuiltIn">
<arg>'${texto_elemento}' == '${text-template}'</arg>
<arg>Substituir Id Do Checkbox</arg>
<arg>${numero}</arg>
<doc>Runs the given keyword with the given arguments, if ``condition`` is true.</doc>
<status status="PASS" start="2025-01-15T17:09:37.238735" elapsed="0.000445"/>
</kw>
<var name="${elemento}">&lt;selenium.webdriver.remote.webelement.WebElement (session="5adc7f46b9aa8d50c1f29ad212b850ac", element="f.9C8700D3978ED77291FBF292132BF80F.d.B1C4FA539514C8652A5A9D920D447B51.e.113")&gt;</var>
<status status="PASS" start="2025-01-15T17:09:37.211891" elapsed="0.027373"/>
</iter>
<iter>
<kw name="Get Element Attribute" owner="SeleniumLibrary">
<msg time="2025-01-15T17:09:37.239577" level="WARN">Keyword 'Get Element Attribute' found both from a custom library 'SeleniumLibrary' and a standard library 'XML'. The custom keyword is used. To select explicitly, and to get rid of this warning, use either 'SeleniumLibrary.Get Element Attribute' or 'XML.Get Element Attribute'.</msg>
<msg time="2025-01-15T17:09:37.249820" level="INFO">${id_elemento} = -name-index-4</msg>
<var>${id_elemento}</var>
<arg>${elemento}</arg>
<arg>id</arg>
<doc>Returns the value of ``attribute`` from the element ``locator``.</doc>
<status status="PASS" start="2025-01-15T17:09:37.239628" elapsed="0.010234"/>
</kw>
<kw name="Extract Numero Do Id">
<kw name="Split String" owner="String">
<msg time="2025-01-15T17:09:37.250545" level="INFO">${partes} = ['-name-index-4']</msg>
<var>${partes}</var>
<arg>${id_elemento}</arg>
<arg>'-'</arg>
<doc>Splits the ``string`` using ``separator`` as a delimiter string.</doc>
<status status="PASS" start="2025-01-15T17:09:37.250361" elapsed="0.000212"/>
</kw>
<kw name="Get Index From List" owner="Collections">
<msg time="2025-01-15T17:09:37.250891" level="INFO">${index} = -1</msg>
<var>${index}</var>
<arg>${partes}</arg>
<arg>${text-template}</arg>
<doc>Returns the index of the first occurrence of the ``value`` on the list.</doc>
<status status="PASS" start="2025-01-15T17:09:37.250710" elapsed="0.000209"/>
</kw>
<kw name="Get From List" owner="Collections">
<msg time="2025-01-15T17:09:37.251199" level="INFO">${numero} = -name-index-4</msg>
<var>${numero}</var>
<arg>${partes}</arg>
<arg>${index}</arg>
<doc>Returns the value specified with an ``index`` from ``list``.</doc>
<status status="PASS" start="2025-01-15T17:09:37.251037" elapsed="0.000190"/>
</kw>
<return>
<value>${numero}</value>
<status status="PASS" start="2025-01-15T17:09:37.251294" elapsed="0.000041"/>
</return>
<msg time="2025-01-15T17:09:37.251461" level="INFO">${numero} = -name-index-4</msg>
<var>${numero}</var>
<arg>${id_elemento}</arg>
<status status="PASS" start="2025-01-15T17:09:37.250064" elapsed="0.001423"/>
</kw>
<kw name="Get Text" owner="SeleniumLibrary">
<msg time="2025-01-15T17:09:37.266225" level="INFO">${texto_elemento} = Falha da supervisão RF</msg>
<var>${texto_elemento}</var>
<arg>${elemento}</arg>
<doc>Returns the text value of the element identified by ``locator``.</doc>
<status status="PASS" start="2025-01-15T17:09:37.251606" elapsed="0.014661"/>
</kw>
<kw name="Run Keyword If" owner="BuiltIn">
<arg>'${texto_elemento}' == '${text-template}'</arg>
<arg>Substituir Id Do Checkbox</arg>
<arg>${numero}</arg>
<doc>Runs the given keyword with the given arguments, if ``condition`` is true.</doc>
<status status="PASS" start="2025-01-15T17:09:37.266591" elapsed="0.000250"/>
</kw>
<var name="${elemento}">&lt;selenium.webdriver.remote.webelement.WebElement (session="5adc7f46b9aa8d50c1f29ad212b850ac", element="f.9C8700D3978ED77291FBF292132BF80F.d.B1C4FA539514C8652A5A9D920D447B51.e.114")&gt;</var>
<status status="PASS" start="2025-01-15T17:09:37.239466" elapsed="0.027437"/>
</iter>
<iter>
<kw name="Get Element Attribute" owner="SeleniumLibrary">
<msg time="2025-01-15T17:09:37.267122" level="WARN">Keyword 'Get Element Attribute' found both from a custom library 'SeleniumLibrary' and a standard library 'XML'. The custom keyword is used. To select explicitly, and to get rid of this warning, use either 'SeleniumLibrary.Get Element Attribute' or 'XML.Get Element Attribute'.</msg>
<msg time="2025-01-15T17:09:37.274768" level="INFO">${id_elemento} = -name-index-5</msg>
<var>${id_elemento}</var>
<arg>${elemento}</arg>
<arg>id</arg>
<doc>Returns the value of ``attribute`` from the element ``locator``.</doc>
<status status="PASS" start="2025-01-15T17:09:37.267163" elapsed="0.007654"/>
</kw>
<kw name="Extract Numero Do Id">
<kw name="Split String" owner="String">
<msg time="2025-01-15T17:09:37.275870" level="INFO">${partes} = ['-name-index-5']</msg>
<var>${partes}</var>
<arg>${id_elemento}</arg>
<arg>'-'</arg>
<doc>Splits the ``string`` using ``separator`` as a delimiter string.</doc>
<status status="PASS" start="2025-01-15T17:09:37.275594" elapsed="0.000307"/>
</kw>
<kw name="Get Index From List" owner="Collections">
<msg time="2025-01-15T17:09:37.276369" level="INFO">${index} = -1</msg>
<var>${index}</var>
<arg>${partes}</arg>
<arg>${text-template}</arg>
<doc>Returns the index of the first occurrence of the ``value`` on the list.</doc>
<status status="PASS" start="2025-01-15T17:09:37.276174" elapsed="0.000225"/>
</kw>
<kw name="Get From List" owner="Collections">
<msg time="2025-01-15T17:09:37.276728" level="INFO">${numero} = -name-index-5</msg>
<var>${numero}</var>
<arg>${partes}</arg>
<arg>${index}</arg>
<doc>Returns the value specified with an ``index`` from ``list``.</doc>
<status status="PASS" start="2025-01-15T17:09:37.276526" elapsed="0.000231"/>
</kw>
<return>
<value>${numero}</value>
<status status="PASS" start="2025-01-15T17:09:37.276820" elapsed="0.000047"/>
</return>
<msg time="2025-01-15T17:09:37.276993" level="INFO">${numero} = -name-index-5</msg>
<var>${numero}</var>
<arg>${id_elemento}</arg>
<status status="PASS" start="2025-01-15T17:09:37.275051" elapsed="0.001968"/>
</kw>
<kw name="Get Text" owner="SeleniumLibrary">
<msg time="2025-01-15T17:09:37.285717" level="INFO">${texto_elemento} = Corte na fiação do sensor</msg>
<var>${texto_elemento}</var>
<arg>${elemento}</arg>
<doc>Returns the text value of the element identified by ``locator``.</doc>
<status status="PASS" start="2025-01-15T17:09:37.277141" elapsed="0.008619"/>
</kw>
<kw name="Run Keyword If" owner="BuiltIn">
<arg>'${texto_elemento}' == '${text-template}'</arg>
<arg>Substituir Id Do Checkbox</arg>
<arg>${numero}</arg>
<doc>Runs the given keyword with the given arguments, if ``condition`` is true.</doc>
<status status="PASS" start="2025-01-15T17:09:37.285952" elapsed="0.000222"/>
</kw>
<var name="${elemento}">&lt;selenium.webdriver.remote.webelement.WebElement (session="5adc7f46b9aa8d50c1f29ad212b850ac", element="f.9C8700D3978ED77291FBF292132BF80F.d.B1C4FA539514C8652A5A9D920D447B51.e.115")&gt;</var>
<status status="PASS" start="2025-01-15T17:09:37.267039" elapsed="0.019200"/>
</iter>
<iter>
<kw name="Get Element Attribute" owner="SeleniumLibrary">
<msg time="2025-01-15T17:09:37.286584" level="WARN">Keyword 'Get Element Attribute' found both from a custom library 'SeleniumLibrary' and a standard library 'XML'. The custom keyword is used. To select explicitly, and to get rid of this warning, use either 'SeleniumLibrary.Get Element Attribute' or 'XML.Get Element Attribute'.</msg>
<msg time="2025-01-15T17:09:37.296383" level="INFO">${id_elemento} = -name-index-6</msg>
<var>${id_elemento}</var>
<arg>${elemento}</arg>
<arg>id</arg>
<doc>Returns the value of ``attribute`` from the element ``locator``.</doc>
<status status="PASS" start="2025-01-15T17:09:37.286659" elapsed="0.009767"/>
</kw>
<kw name="Extract Numero Do Id">
<kw name="Split String" owner="String">
<msg time="2025-01-15T17:09:37.297110" level="INFO">${partes} = ['-name-index-6']</msg>
<var>${partes}</var>
<arg>${id_elemento}</arg>
<arg>'-'</arg>
<doc>Splits the ``string`` using ``separator`` as a delimiter string.</doc>
<status status="PASS" start="2025-01-15T17:09:37.296944" elapsed="0.000194"/>
</kw>
<kw name="Get Index From List" owner="Collections">
<msg time="2025-01-15T17:09:37.297433" level="INFO">${index} = -1</msg>
<var>${index}</var>
<arg>${partes}</arg>
<arg>${text-template}</arg>
<doc>Returns the index of the first occurrence of the ``value`` on the list.</doc>
<status status="PASS" start="2025-01-15T17:09:37.297258" elapsed="0.000202"/>
</kw>
<kw name="Get From List" owner="Collections">
<msg time="2025-01-15T17:09:37.297752" level="INFO">${numero} = -name-index-6</msg>
<var>${numero}</var>
<arg>${partes}</arg>
<arg>${index}</arg>
<doc>Returns the value specified with an ``index`` from ``list``.</doc>
<status status="PASS" start="2025-01-15T17:09:37.297591" elapsed="0.000187"/>
</kw>
<return>
<value>${numero}</value>
<status status="PASS" start="2025-01-15T17:09:37.297839" elapsed="0.000040"/>
</return>
<msg time="2025-01-15T17:09:37.297999" level="INFO">${numero} = -name-index-6</msg>
<var>${numero}</var>
<arg>${id_elemento}</arg>
<status status="PASS" start="2025-01-15T17:09:37.296649" elapsed="0.001376"/>
</kw>
<kw name="Get Text" owner="SeleniumLibrary">
<msg time="2025-01-15T17:09:37.308895" level="INFO">${texto_elemento} = Curto-circuito na fiação do sensor</msg>
<var>${texto_elemento}</var>
<arg>${elemento}</arg>
<doc>Returns the text value of the element identified by ``locator``.</doc>
<status status="PASS" start="2025-01-15T17:09:37.298147" elapsed="0.010838"/>
</kw>
<kw name="Run Keyword If" owner="BuiltIn">
<arg>'${texto_elemento}' == '${text-template}'</arg>
<arg>Substituir Id Do Checkbox</arg>
<arg>${numero}</arg>
<doc>Runs the given keyword with the given arguments, if ``condition`` is true.</doc>
<status status="PASS" start="2025-01-15T17:09:37.309455" elapsed="0.000584"/>
</kw>
<var name="${elemento}">&lt;selenium.webdriver.remote.webelement.WebElement (session="5adc7f46b9aa8d50c1f29ad212b850ac", element="f.9C8700D3978ED77291FBF292132BF80F.d.B1C4FA539514C8652A5A9D920D447B51.e.116")&gt;</var>
<status status="PASS" start="2025-01-15T17:09:37.286383" elapsed="0.023803"/>
</iter>
<iter>
<kw name="Get Element Attribute" owner="SeleniumLibrary">
<msg time="2025-01-15T17:09:37.310791" level="WARN">Keyword 'Get Element Attribute' found both from a custom library 'SeleniumLibrary' and a standard library 'XML'. The custom keyword is used. To select explicitly, and to get rid of this warning, use either 'SeleniumLibrary.Get Element Attribute' or 'XML.Get Element Attribute'.</msg>
<msg time="2025-01-15T17:09:37.318866" level="INFO">${id_elemento} = -name-index-7</msg>
<var>${id_elemento}</var>
<arg>${elemento}</arg>
<arg>id</arg>
<doc>Returns the value of ``attribute`` from the element ``locator``.</doc>
<status status="PASS" start="2025-01-15T17:09:37.310877" elapsed="0.008037"/>
</kw>
<kw name="Extract Numero Do Id">
<kw name="Split String" owner="String">
<msg time="2025-01-15T17:09:37.319583" level="INFO">${partes} = ['-name-index-7']</msg>
<var>${partes}</var>
<arg>${id_elemento}</arg>
<arg>'-'</arg>
<doc>Splits the ``string`` using ``separator`` as a delimiter string.</doc>
<status status="PASS" start="2025-01-15T17:09:37.319415" elapsed="0.000197"/>
</kw>
<kw name="Get Index From List" owner="Collections">
<msg time="2025-01-15T17:09:37.321445" level="INFO">${index} = -1</msg>
<var>${index}</var>
<arg>${partes}</arg>
<arg>${text-template}</arg>
<doc>Returns the index of the first occurrence of the ``value`` on the list.</doc>
<status status="PASS" start="2025-01-15T17:09:37.320103" elapsed="0.001466"/>
</kw>
<kw name="Get From List" owner="Collections">
<msg time="2025-01-15T17:09:37.322894" level="INFO">${numero} = -name-index-7</msg>
<var>${numero}</var>
<arg>${partes}</arg>
<arg>${index}</arg>
<doc>Returns the value specified with an ``index`` from ``list``.</doc>
<status status="PASS" start="2025-01-15T17:09:37.322061" elapsed="0.001000"/>
</kw>
<return>
<value>${numero}</value>
<status status="PASS" start="2025-01-15T17:09:37.323313" elapsed="0.000114"/>
</return>
<msg time="2025-01-15T17:09:37.323774" level="INFO">${numero} = -name-index-7</msg>
<var>${numero}</var>
<arg>${id_elemento}</arg>
<status status="PASS" start="2025-01-15T17:09:37.319119" elapsed="0.004704"/>
</kw>
<kw name="Get Text" owner="SeleniumLibrary">
<msg time="2025-01-15T17:09:37.334066" level="INFO">${texto_elemento} = Tamper</msg>
<var>${texto_elemento}</var>
<arg>${elemento}</arg>
<doc>Returns the text value of the element identified by ``locator``.</doc>
<status status="PASS" start="2025-01-15T17:09:37.324379" elapsed="0.009732"/>
</kw>
<kw name="Run Keyword If" owner="BuiltIn">
<arg>'${texto_elemento}' == '${text-template}'</arg>
<arg>Substituir Id Do Checkbox</arg>
<arg>${numero}</arg>
<doc>Runs the given keyword with the given arguments, if ``condition`` is true.</doc>
<status status="PASS" start="2025-01-15T17:09:37.334302" elapsed="0.000229"/>
</kw>
<var name="${elemento}">&lt;selenium.webdriver.remote.webelement.WebElement (session="5adc7f46b9aa8d50c1f29ad212b850ac", element="f.9C8700D3978ED77291FBF292132BF80F.d.B1C4FA539514C8652A5A9D920D447B51.e.117")&gt;</var>
<status status="PASS" start="2025-01-15T17:09:37.310566" elapsed="0.024043"/>
</iter>
<iter>
<kw name="Get Element Attribute" owner="SeleniumLibrary">
<msg time="2025-01-15T17:09:37.334843" level="WARN">Keyword 'Get Element Attribute' found both from a custom library 'SeleniumLibrary' and a standard library 'XML'. The custom keyword is used. To select explicitly, and to get rid of this warning, use either 'SeleniumLibrary.Get Element Attribute' or 'XML.Get Element Attribute'.</msg>
<msg time="2025-01-15T17:09:37.347901" level="INFO">${id_elemento} = -name-index-8</msg>
<var>${id_elemento}</var>
<arg>${elemento}</arg>
<arg>id</arg>
<doc>Returns the value of ``attribute`` from the element ``locator``.</doc>
<status status="PASS" start="2025-01-15T17:09:37.334885" elapsed="0.013059"/>
</kw>
<kw name="Extract Numero Do Id">
<kw name="Split String" owner="String">
<msg time="2025-01-15T17:09:37.348646" level="INFO">${partes} = ['-name-index-8']</msg>
<var>${partes}</var>
<arg>${id_elemento}</arg>
<arg>'-'</arg>
<doc>Splits the ``string`` using ``separator`` as a delimiter string.</doc>
<status status="PASS" start="2025-01-15T17:09:37.348477" elapsed="0.000200"/>
</kw>
<kw name="Get Index From List" owner="Collections">
<msg time="2025-01-15T17:09:37.348980" level="INFO">${index} = -1</msg>
<var>${index}</var>
<arg>${partes}</arg>
<arg>${text-template}</arg>
<doc>Returns the index of the first occurrence of the ``value`` on the list.</doc>
<status status="PASS" start="2025-01-15T17:09:37.348802" elapsed="0.000206"/>
</kw>
<kw name="Get From List" owner="Collections">
<msg time="2025-01-15T17:09:37.349314" level="INFO">${numero} = -name-index-8</msg>
<var>${numero}</var>
<arg>${partes}</arg>
<arg>${index}</arg>
<doc>Returns the value specified with an ``index`` from ``list``.</doc>
<status status="PASS" start="2025-01-15T17:09:37.349148" elapsed="0.000193"/>
</kw>
<return>
<value>${numero}</value>
<status status="PASS" start="2025-01-15T17:09:37.349403" elapsed="0.000041"/>
</return>
<msg time="2025-01-15T17:09:37.349566" level="INFO">${numero} = -name-index-8</msg>
<var>${numero}</var>
<arg>${id_elemento}</arg>
<status status="PASS" start="2025-01-15T17:09:37.348175" elapsed="0.001417"/>
</kw>
<kw name="Get Text" owner="SeleniumLibrary">
<msg time="2025-01-15T17:09:37.362853" level="INFO">${texto_elemento} = Bateria baixa</msg>
<var>${texto_elemento}</var>
<arg>${elemento}</arg>
<doc>Returns the text value of the element identified by ``locator``.</doc>
<status status="PASS" start="2025-01-15T17:09:37.349710" elapsed="0.013189"/>
</kw>
<kw name="Run Keyword If" owner="BuiltIn">
<arg>'${texto_elemento}' == '${text-template}'</arg>
<arg>Substituir Id Do Checkbox</arg>
<arg>${numero}</arg>
<doc>Runs the given keyword with the given arguments, if ``condition`` is true.</doc>
<status status="PASS" start="2025-01-15T17:09:37.363086" elapsed="0.000215"/>
</kw>
<var name="${elemento}">&lt;selenium.webdriver.remote.webelement.WebElement (session="5adc7f46b9aa8d50c1f29ad212b850ac", element="f.9C8700D3978ED77291FBF292132BF80F.d.B1C4FA539514C8652A5A9D920D447B51.e.118")&gt;</var>
<status status="PASS" start="2025-01-15T17:09:37.334748" elapsed="0.028625"/>
</iter>
<iter>
<kw name="Get Element Attribute" owner="SeleniumLibrary">
<msg time="2025-01-15T17:09:37.363618" level="WARN">Keyword 'Get Element Attribute' found both from a custom library 'SeleniumLibrary' and a standard library 'XML'. The custom keyword is used. To select explicitly, and to get rid of this warning, use either 'SeleniumLibrary.Get Element Attribute' or 'XML.Get Element Attribute'.</msg>
<msg time="2025-01-15T17:09:37.376282" level="INFO">${id_elemento} = -name-index-9</msg>
<var>${id_elemento}</var>
<arg>${elemento}</arg>
<arg>id</arg>
<doc>Returns the value of ``attribute`` from the element ``locator``.</doc>
<status status="PASS" start="2025-01-15T17:09:37.363658" elapsed="0.012668"/>
</kw>
<kw name="Extract Numero Do Id">
<kw name="Split String" owner="String">
<msg time="2025-01-15T17:09:37.377034" level="INFO">${partes} = ['-name-index-9']</msg>
<var>${partes}</var>
<arg>${id_elemento}</arg>
<arg>'-'</arg>
<doc>Splits the ``string`` using ``separator`` as a delimiter string.</doc>
<status status="PASS" start="2025-01-15T17:09:37.376864" elapsed="0.000199"/>
</kw>
<kw name="Get Index From List" owner="Collections">
<msg time="2025-01-15T17:09:37.377377" level="INFO">${index} = -1</msg>
<var>${index}</var>
<arg>${partes}</arg>
<arg>${text-template}</arg>
<doc>Returns the index of the first occurrence of the ``value`` on the list.</doc>
<status status="PASS" start="2025-01-15T17:09:37.377194" elapsed="0.000210"/>
</kw>
<kw name="Get From List" owner="Collections">
<msg time="2025-01-15T17:09:37.377725" level="INFO">${numero} = -name-index-9</msg>
<var>${numero}</var>
<arg>${partes}</arg>
<arg>${index}</arg>
<doc>Returns the value specified with an ``index`` from ``list``.</doc>
<status status="PASS" start="2025-01-15T17:09:37.377527" elapsed="0.000226"/>
</kw>
<return>
<value>${numero}</value>
<status status="PASS" start="2025-01-15T17:09:37.377818" elapsed="0.000042"/>
</return>
<msg time="2025-01-15T17:09:37.377983" level="INFO">${numero} = -name-index-9</msg>
<var>${numero}</var>
<arg>${id_elemento}</arg>
<status status="PASS" start="2025-01-15T17:09:37.376539" elapsed="0.001471"/>
</kw>
<kw name="Get Text" owner="SeleniumLibrary">
<msg time="2025-01-15T17:09:37.393082" level="INFO">${texto_elemento} = Dispositivo RF cadastrado</msg>
<var>${texto_elemento}</var>
<arg>${elemento}</arg>
<doc>Returns the text value of the element identified by ``locator``.</doc>
<status status="PASS" start="2025-01-15T17:09:37.378131" elapsed="0.015021"/>
</kw>
<kw name="Run Keyword If" owner="BuiltIn">
<arg>'${texto_elemento}' == '${text-template}'</arg>
<arg>Substituir Id Do Checkbox</arg>
<arg>${numero}</arg>
<doc>Runs the given keyword with the given arguments, if ``condition`` is true.</doc>
<status status="PASS" start="2025-01-15T17:09:37.393353" elapsed="0.000227"/>
</kw>
<var name="${elemento}">&lt;selenium.webdriver.remote.webelement.WebElement (session="5adc7f46b9aa8d50c1f29ad212b850ac", element="f.9C8700D3978ED77291FBF292132BF80F.d.B1C4FA539514C8652A5A9D920D447B51.e.119")&gt;</var>
<status status="PASS" start="2025-01-15T17:09:37.363534" elapsed="0.030108"/>
</iter>
<iter>
<kw name="Get Element Attribute" owner="SeleniumLibrary">
<msg time="2025-01-15T17:09:37.393945" level="WARN">Keyword 'Get Element Attribute' found both from a custom library 'SeleniumLibrary' and a standard library 'XML'. The custom keyword is used. To select explicitly, and to get rid of this warning, use either 'SeleniumLibrary.Get Element Attribute' or 'XML.Get Element Attribute'.</msg>
<msg time="2025-01-15T17:09:37.400754" level="INFO">${id_elemento} = -name-index-10</msg>
<var>${id_elemento}</var>
<arg>${elemento}</arg>
<arg>id</arg>
<doc>Returns the value of ``attribute`` from the element ``locator``.</doc>
<status status="PASS" start="2025-01-15T17:09:37.393985" elapsed="0.006815"/>
</kw>
<kw name="Extract Numero Do Id">
<kw name="Split String" owner="String">
<msg time="2025-01-15T17:09:37.401854" level="INFO">${partes} = ['-name-index-10']</msg>
<var>${partes}</var>
<arg>${id_elemento}</arg>
<arg>'-'</arg>
<doc>Splits the ``string`` using ``separator`` as a delimiter string.</doc>
<status status="PASS" start="2025-01-15T17:09:37.401502" elapsed="0.000399"/>
</kw>
<kw name="Get Index From List" owner="Collections">
<msg time="2025-01-15T17:09:37.402391" level="INFO">${index} = -1</msg>
<var>${index}</var>
<arg>${partes}</arg>
<arg>${text-template}</arg>
<doc>Returns the index of the first occurrence of the ``value`` on the list.</doc>
<status status="PASS" start="2025-01-15T17:09:37.402124" elapsed="0.000304"/>
</kw>
<kw name="Get From List" owner="Collections">
<msg time="2025-01-15T17:09:37.402900" level="INFO">${numero} = -name-index-10</msg>
<var>${numero}</var>
<arg>${partes}</arg>
<arg>${index}</arg>
<doc>Returns the value specified with an ``index`` from ``list``.</doc>
<status status="PASS" start="2025-01-15T17:09:37.402635" elapsed="0.000304"/>
</kw>
<return>
<value>${numero}</value>
<status status="PASS" start="2025-01-15T17:09:37.403454" elapsed="0.000345"/>
</return>
<msg time="2025-01-15T17:09:37.404852" level="INFO">${numero} = -name-index-10</msg>
<var>${numero}</var>
<arg>${id_elemento}</arg>
<status status="PASS" start="2025-01-15T17:09:37.401092" elapsed="0.003982"/>
</kw>
<kw name="Get Text" owner="SeleniumLibrary">
<msg time="2025-01-15T17:09:37.416300" level="INFO">${texto_elemento} = Zona habilitada</msg>
<var>${texto_elemento}</var>
<arg>${elemento}</arg>
<doc>Returns the text value of the element identified by ``locator``.</doc>
<status status="PASS" start="2025-01-15T17:09:37.405759" elapsed="0.010584"/>
</kw>
<kw name="Run Keyword If" owner="BuiltIn">
<arg>'${texto_elemento}' == '${text-template}'</arg>
<arg>Substituir Id Do Checkbox</arg>
<arg>${numero}</arg>
<doc>Runs the given keyword with the given arguments, if ``condition`` is true.</doc>
<status status="PASS" start="2025-01-15T17:09:37.416528" elapsed="0.000213"/>
</kw>
<var name="${elemento}">&lt;selenium.webdriver.remote.webelement.WebElement (session="5adc7f46b9aa8d50c1f29ad212b850ac", element="f.9C8700D3978ED77291FBF292132BF80F.d.B1C4FA539514C8652A5A9D920D447B51.e.120")&gt;</var>
<status status="PASS" start="2025-01-15T17:09:37.393858" elapsed="0.022943"/>
</iter>
<iter>
<kw name="Get Element Attribute" owner="SeleniumLibrary">
<msg time="2025-01-15T17:09:37.417014" level="WARN">Keyword 'Get Element Attribute' found both from a custom library 'SeleniumLibrary' and a standard library 'XML'. The custom keyword is used. To select explicitly, and to get rid of this warning, use either 'SeleniumLibrary.Get Element Attribute' or 'XML.Get Element Attribute'.</msg>
<msg time="2025-01-15T17:09:37.426930" level="INFO">${id_elemento} = -name-index-11</msg>
<var>${id_elemento}</var>
<arg>${elemento}</arg>
<arg>id</arg>
<doc>Returns the value of ``attribute`` from the element ``locator``.</doc>
<status status="PASS" start="2025-01-15T17:09:37.417060" elapsed="0.009918"/>
</kw>
<kw name="Extract Numero Do Id">
<kw name="Split String" owner="String">
<msg time="2025-01-15T17:09:37.428049" level="INFO">${partes} = ['-name-index-11']</msg>
<var>${partes}</var>
<arg>${id_elemento}</arg>
<arg>'-'</arg>
<doc>Splits the ``string`` using ``separator`` as a delimiter string.</doc>
<status status="PASS" start="2025-01-15T17:09:37.427879" elapsed="0.000213"/>
</kw>
<kw name="Get Index From List" owner="Collections">
<msg time="2025-01-15T17:09:37.428423" level="INFO">${index} = -1</msg>
<var>${index}</var>
<arg>${partes}</arg>
<arg>${text-template}</arg>
<doc>Returns the index of the first occurrence of the ``value`` on the list.</doc>
<status status="PASS" start="2025-01-15T17:09:37.428233" elapsed="0.000218"/>
</kw>
<kw name="Get From List" owner="Collections">
<msg time="2025-01-15T17:09:37.428741" level="INFO">${numero} = -name-index-11</msg>
<var>${numero}</var>
<arg>${partes}</arg>
<arg>${index}</arg>
<doc>Returns the value specified with an ``index`` from ``list``.</doc>
<status status="PASS" start="2025-01-15T17:09:37.428576" elapsed="0.000191"/>
</kw>
<return>
<value>${numero}</value>
<status status="PASS" start="2025-01-15T17:09:37.428828" elapsed="0.000042"/>
</return>
<msg time="2025-01-15T17:09:37.428991" level="INFO">${numero} = -name-index-11</msg>
<var>${numero}</var>
<arg>${id_elemento}</arg>
<status status="PASS" start="2025-01-15T17:09:37.427439" elapsed="0.001578"/>
</kw>
<kw name="Get Text" owner="SeleniumLibrary">
<msg time="2025-01-15T17:09:37.439373" level="INFO">${texto_elemento} = Anulação temporária</msg>
<var>${texto_elemento}</var>
<arg>${elemento}</arg>
<doc>Returns the text value of the element identified by ``locator``.</doc>
<status status="PASS" start="2025-01-15T17:09:37.429157" elapsed="0.010338"/>
</kw>
<kw name="Run Keyword If" owner="BuiltIn">
<arg>'${texto_elemento}' == '${text-template}'</arg>
<arg>Substituir Id Do Checkbox</arg>
<arg>${numero}</arg>
<doc>Runs the given keyword with the given arguments, if ``condition`` is true.</doc>
<status status="PASS" start="2025-01-15T17:09:37.439813" elapsed="0.000274"/>
</kw>
<var name="${elemento}">&lt;selenium.webdriver.remote.webelement.WebElement (session="5adc7f46b9aa8d50c1f29ad212b850ac", element="f.9C8700D3978ED77291FBF292132BF80F.d.B1C4FA539514C8652A5A9D920D447B51.e.121")&gt;</var>
<status status="PASS" start="2025-01-15T17:09:37.416933" elapsed="0.023235"/>
</iter>
<iter>
<kw name="Get Element Attribute" owner="SeleniumLibrary">
<msg time="2025-01-15T17:09:37.440445" level="WARN">Keyword 'Get Element Attribute' found both from a custom library 'SeleniumLibrary' and a standard library 'XML'. The custom keyword is used. To select explicitly, and to get rid of this warning, use either 'SeleniumLibrary.Get Element Attribute' or 'XML.Get Element Attribute'.</msg>
<msg time="2025-01-15T17:09:37.447532" level="INFO">${id_elemento} = -name-index-12</msg>
<var>${id_elemento}</var>
<arg>${elemento}</arg>
<arg>id</arg>
<doc>Returns the value of ``attribute`` from the element ``locator``.</doc>
<status status="PASS" start="2025-01-15T17:09:37.440497" elapsed="0.007092"/>
</kw>
<kw name="Extract Numero Do Id">
<kw name="Split String" owner="String">
<msg time="2025-01-15T17:09:37.448339" level="INFO">${partes} = ['-name-index-12']</msg>
<var>${partes}</var>
<arg>${id_elemento}</arg>
<arg>'-'</arg>
<doc>Splits the ``string`` using ``separator`` as a delimiter string.</doc>
<status status="PASS" start="2025-01-15T17:09:37.448157" elapsed="0.000212"/>
</kw>
<kw name="Get Index From List" owner="Collections">
<msg time="2025-01-15T17:09:37.448683" level="INFO">${index} = -1</msg>
<var>${index}</var>
<arg>${partes}</arg>
<arg>${text-template}</arg>
<doc>Returns the index of the first occurrence of the ``value`` on the list.</doc>
<status status="PASS" start="2025-01-15T17:09:37.448501" elapsed="0.000210"/>
</kw>
<kw name="Get From List" owner="Collections">
<msg time="2025-01-15T17:09:37.448993" level="INFO">${numero} = -name-index-12</msg>
<var>${numero}</var>
<arg>${partes}</arg>
<arg>${index}</arg>
<doc>Returns the value specified with an ``index`` from ``list``.</doc>
<status status="PASS" start="2025-01-15T17:09:37.448830" elapsed="0.000193"/>
</kw>
<return>
<value>${numero}</value>
<status status="PASS" start="2025-01-15T17:09:37.449191" elapsed="0.000045"/>
</return>
<msg time="2025-01-15T17:09:37.449367" level="INFO">${numero} = -name-index-12</msg>
<var>${numero}</var>
<arg>${id_elemento}</arg>
<status status="PASS" start="2025-01-15T17:09:37.447825" elapsed="0.001568"/>
</kw>
<kw name="Get Text" owner="SeleniumLibrary">
<msg time="2025-01-15T17:09:37.460621" level="INFO">${texto_elemento} = Anulação por disparo</msg>
<var>${texto_elemento}</var>
<arg>${elemento}</arg>
<doc>Returns the text value of the element identified by ``locator``.</doc>
<status status="PASS" start="2025-01-15T17:09:37.449518" elapsed="0.011157"/>
</kw>
<kw name="Run Keyword If" owner="BuiltIn">
<arg>'${texto_elemento}' == '${text-template}'</arg>
<arg>Substituir Id Do Checkbox</arg>
<arg>${numero}</arg>
<doc>Runs the given keyword with the given arguments, if ``condition`` is true.</doc>
<status status="PASS" start="2025-01-15T17:09:37.460892" elapsed="0.000253"/>
</kw>
<var name="${elemento}">&lt;selenium.webdriver.remote.webelement.WebElement (session="5adc7f46b9aa8d50c1f29ad212b850ac", element="f.9C8700D3978ED77291FBF292132BF80F.d.B1C4FA539514C8652A5A9D920D447B51.e.122")&gt;</var>
<status status="PASS" start="2025-01-15T17:09:37.440336" elapsed="0.020898"/>
</iter>
<iter>
<kw name="Get Element Attribute" owner="SeleniumLibrary">
<msg time="2025-01-15T17:09:37.461494" level="WARN">Keyword 'Get Element Attribute' found both from a custom library 'SeleniumLibrary' and a standard library 'XML'. The custom keyword is used. To select explicitly, and to get rid of this warning, use either 'SeleniumLibrary.Get Element Attribute' or 'XML.Get Element Attribute'.</msg>
<msg time="2025-01-15T17:09:37.467868" level="INFO">${id_elemento} = -name-index-13</msg>
<var>${id_elemento}</var>
<arg>${elemento}</arg>
<arg>id</arg>
<doc>Returns the value of ``attribute`` from the element ``locator``.</doc>
<status status="PASS" start="2025-01-15T17:09:37.461540" elapsed="0.006372"/>
</kw>
<kw name="Extract Numero Do Id">
<kw name="Split String" owner="String">
<msg time="2025-01-15T17:09:37.468605" level="INFO">${partes} = ['-name-index-13']</msg>
<var>${partes}</var>
<arg>${id_elemento}</arg>
<arg>'-'</arg>
<doc>Splits the ``string`` using ``separator`` as a delimiter string.</doc>
<status status="PASS" start="2025-01-15T17:09:37.468430" elapsed="0.000205"/>
</kw>
<kw name="Get Index From List" owner="Collections">
<msg time="2025-01-15T17:09:37.468959" level="INFO">${index} = -1</msg>
<var>${index}</var>
<arg>${partes}</arg>
<arg>${text-template}</arg>
<doc>Returns the index of the first occurrence of the ``value`` on the list.</doc>
<status status="PASS" start="2025-01-15T17:09:37.468776" elapsed="0.000212"/>
</kw>
<kw name="Get From List" owner="Collections">
<msg time="2025-01-15T17:09:37.469274" level="INFO">${numero} = -name-index-13</msg>
<var>${numero}</var>
<arg>${partes}</arg>
<arg>${index}</arg>
<doc>Returns the value specified with an ``index`` from ``list``.</doc>
<status status="PASS" start="2025-01-15T17:09:37.469108" elapsed="0.000192"/>
</kw>
<return>
<value>${numero}</value>
<status status="PASS" start="2025-01-15T17:09:37.469361" elapsed="0.000040"/>
</return>
<msg time="2025-01-15T17:09:37.469523" level="INFO">${numero} = -name-index-13</msg>
<var>${numero}</var>
<arg>${id_elemento}</arg>
<status status="PASS" start="2025-01-15T17:09:37.468122" elapsed="0.001426"/>
</kw>
<kw name="Get Text" owner="SeleniumLibrary">
<msg time="2025-01-15T17:09:37.479690" level="INFO">${texto_elemento} = Restauração disparo</msg>
<var>${texto_elemento}</var>
<arg>${elemento}</arg>
<doc>Returns the text value of the element identified by ``locator``.</doc>
<status status="PASS" start="2025-01-15T17:09:37.469706" elapsed="0.010049"/>
</kw>
<kw name="Run Keyword If" owner="BuiltIn">
<arg>'${texto_elemento}' == '${text-template}'</arg>
<arg>Substituir Id Do Checkbox</arg>
<arg>${numero}</arg>
<doc>Runs the given keyword with the given arguments, if ``condition`` is true.</doc>
<status status="PASS" start="2025-01-15T17:09:37.480026" elapsed="0.000270"/>
</kw>
<var name="${elemento}">&lt;selenium.webdriver.remote.webelement.WebElement (session="5adc7f46b9aa8d50c1f29ad212b850ac", element="f.9C8700D3978ED77291FBF292132BF80F.d.B1C4FA539514C8652A5A9D920D447B51.e.123")&gt;</var>
<status status="PASS" start="2025-01-15T17:09:37.461393" elapsed="0.019006"/>
</iter>
<iter>
<kw name="Get Element Attribute" owner="SeleniumLibrary">
<msg time="2025-01-15T17:09:37.480786" level="WARN">Keyword 'Get Element Attribute' found both from a custom library 'SeleniumLibrary' and a standard library 'XML'. The custom keyword is used. To select explicitly, and to get rid of this warning, use either 'SeleniumLibrary.Get Element Attribute' or 'XML.Get Element Attribute'.</msg>
<msg time="2025-01-15T17:09:37.487778" level="INFO">${id_elemento} = -name-index-14</msg>
<var>${id_elemento}</var>
<arg>${elemento}</arg>
<arg>id</arg>
<doc>Returns the value of ``attribute`` from the element ``locator``.</doc>
<status status="PASS" start="2025-01-15T17:09:37.480855" elapsed="0.006995"/>
</kw>
<kw name="Extract Numero Do Id">
<kw name="Split String" owner="String">
<msg time="2025-01-15T17:09:37.489083" level="INFO">${partes} = ['-name-index-14']</msg>
<var>${partes}</var>
<arg>${id_elemento}</arg>
<arg>'-'</arg>
<doc>Splits the ``string`` using ``separator`` as a delimiter string.</doc>
<status status="PASS" start="2025-01-15T17:09:37.488747" elapsed="0.000390"/>
</kw>
<kw name="Get Index From List" owner="Collections">
<msg time="2025-01-15T17:09:37.489809" level="INFO">${index} = -1</msg>
<var>${index}</var>
<arg>${partes}</arg>
<arg>${text-template}</arg>
<doc>Returns the index of the first occurrence of the ``value`` on the list.</doc>
<status status="PASS" start="2025-01-15T17:09:37.489389" elapsed="0.000493"/>
</kw>
<kw name="Get From List" owner="Collections">
<msg time="2025-01-15T17:09:37.490554" level="INFO">${numero} = -name-index-14</msg>
<var>${numero}</var>
<arg>${partes}</arg>
<arg>${index}</arg>
<doc>Returns the value specified with an ``index`` from ``list``.</doc>
<status status="PASS" start="2025-01-15T17:09:37.490218" elapsed="0.000389"/>
</kw>
<return>
<value>${numero}</value>
<status status="PASS" start="2025-01-15T17:09:37.490787" elapsed="0.000166"/>
</return>
<msg time="2025-01-15T17:09:37.491425" level="INFO">${numero} = -name-index-14</msg>
<var>${numero}</var>
<arg>${id_elemento}</arg>
<status status="PASS" start="2025-01-15T17:09:37.488201" elapsed="0.003276"/>
</kw>
<kw name="Get Text" owner="SeleniumLibrary">
<msg time="2025-01-15T17:09:37.501679" level="INFO">${texto_elemento} = Restauração disparo de cerca elétrica</msg>
<var>${texto_elemento}</var>
<arg>${elemento}</arg>
<doc>Returns the text value of the element identified by ``locator``.</doc>
<status status="PASS" start="2025-01-15T17:09:37.491753" elapsed="0.009971"/>
</kw>
<kw name="Run Keyword If" owner="BuiltIn">
<arg>'${texto_elemento}' == '${text-template}'</arg>
<arg>Substituir Id Do Checkbox</arg>
<arg>${numero}</arg>
<doc>Runs the given keyword with the given arguments, if ``condition`` is true.</doc>
<status status="PASS" start="2025-01-15T17:09:37.501967" elapsed="0.000240"/>
</kw>
<var name="${elemento}">&lt;selenium.webdriver.remote.webelement.WebElement (session="5adc7f46b9aa8d50c1f29ad212b850ac", element="f.9C8700D3978ED77291FBF292132BF80F.d.B1C4FA539514C8652A5A9D920D447B51.e.124")&gt;</var>
<status status="PASS" start="2025-01-15T17:09:37.480620" elapsed="0.021655"/>
</iter>
<iter>
<kw name="Get Element Attribute" owner="SeleniumLibrary">
<msg time="2025-01-15T17:09:37.502518" level="WARN">Keyword 'Get Element Attribute' found both from a custom library 'SeleniumLibrary' and a standard library 'XML'. The custom keyword is used. To select explicitly, and to get rid of this warning, use either 'SeleniumLibrary.Get Element Attribute' or 'XML.Get Element Attribute'.</msg>
<msg time="2025-01-15T17:09:37.511200" level="INFO">${id_elemento} = -name-index-15</msg>
<var>${id_elemento}</var>
<arg>${elemento}</arg>
<arg>id</arg>
<doc>Returns the value of ``attribute`` from the element ``locator``.</doc>
<status status="PASS" start="2025-01-15T17:09:37.502564" elapsed="0.008683"/>
</kw>
<kw name="Extract Numero Do Id">
<kw name="Split String" owner="String">
<msg time="2025-01-15T17:09:37.512044" level="INFO">${partes} = ['-name-index-15']</msg>
<var>${partes}</var>
<arg>${id_elemento}</arg>
<arg>'-'</arg>
<doc>Splits the ``string`` using ``separator`` as a delimiter string.</doc>
<status status="PASS" start="2025-01-15T17:09:37.511842" elapsed="0.000236"/>
</kw>
<kw name="Get Index From List" owner="Collections">
<msg time="2025-01-15T17:09:37.512448" level="INFO">${index} = -1</msg>
<var>${index}</var>
<arg>${partes}</arg>
<arg>${text-template}</arg>
<doc>Returns the index of the first occurrence of the ``value`` on the list.</doc>
<status status="PASS" start="2025-01-15T17:09:37.512234" elapsed="0.000245"/>
</kw>
<kw name="Get From List" owner="Collections">
<msg time="2025-01-15T17:09:37.512838" level="INFO">${numero} = -name-index-15</msg>
<var>${numero}</var>
<arg>${partes}</arg>
<arg>${index}</arg>
<doc>Returns the value specified with an ``index`` from ``list``.</doc>
<status status="PASS" start="2025-01-15T17:09:37.512628" elapsed="0.000245"/>
</kw>
<return>
<value>${numero}</value>
<status status="PASS" start="2025-01-15T17:09:37.512937" elapsed="0.000041"/>
</return>
<msg time="2025-01-15T17:09:37.513103" level="INFO">${numero} = -name-index-15</msg>
<var>${numero}</var>
<arg>${id_elemento}</arg>
<status status="PASS" start="2025-01-15T17:09:37.511480" elapsed="0.001648"/>
</kw>
<kw name="Get Text" owner="SeleniumLibrary">
<msg time="2025-01-15T17:09:37.521835" level="INFO">${texto_elemento} = Restauração disparo 24h</msg>
<var>${texto_elemento}</var>
<arg>${elemento}</arg>
<doc>Returns the text value of the element identified by ``locator``.</doc>
<status status="PASS" start="2025-01-15T17:09:37.513250" elapsed="0.008636"/>
</kw>
<kw name="Run Keyword If" owner="BuiltIn">
<arg>'${texto_elemento}' == '${text-template}'</arg>
<arg>Substituir Id Do Checkbox</arg>
<arg>${numero}</arg>
<doc>Runs the given keyword with the given arguments, if ``condition`` is true.</doc>
<status status="PASS" start="2025-01-15T17:09:37.522100" elapsed="0.000266"/>
</kw>
<var name="${elemento}">&lt;selenium.webdriver.remote.webelement.WebElement (session="5adc7f46b9aa8d50c1f29ad212b850ac", element="f.9C8700D3978ED77291FBF292132BF80F.d.B1C4FA539514C8652A5A9D920D447B51.e.125")&gt;</var>
<status status="PASS" start="2025-01-15T17:09:37.502422" elapsed="0.020137"/>
</iter>
<iter>
<kw name="Get Element Attribute" owner="SeleniumLibrary">
<msg time="2025-01-15T17:09:37.522988" level="WARN">Keyword 'Get Element Attribute' found both from a custom library 'SeleniumLibrary' and a standard library 'XML'. The custom keyword is used. To select explicitly, and to get rid of this warning, use either 'SeleniumLibrary.Get Element Attribute' or 'XML.Get Element Attribute'.</msg>
<msg time="2025-01-15T17:09:37.530477" level="INFO">${id_elemento} = -name-index-16</msg>
<var>${id_elemento}</var>
<arg>${elemento}</arg>
<arg>id</arg>
<doc>Returns the value of ``attribute`` from the element ``locator``.</doc>
<status status="PASS" start="2025-01-15T17:09:37.523040" elapsed="0.007487"/>
</kw>
<kw name="Extract Numero Do Id">
<kw name="Split String" owner="String">
<msg time="2025-01-15T17:09:37.531325" level="INFO">${partes} = ['-name-index-16']</msg>
<var>${partes}</var>
<arg>${id_elemento}</arg>
<arg>'-'</arg>
<doc>Splits the ``string`` using ``separator`` as a delimiter string.</doc>
<status status="PASS" start="2025-01-15T17:09:37.531121" elapsed="0.000239"/>
</kw>
<kw name="Get Index From List" owner="Collections">
<msg time="2025-01-15T17:09:37.531732" level="INFO">${index} = -1</msg>
<var>${index}</var>
<arg>${partes}</arg>
<arg>${text-template}</arg>
<doc>Returns the index of the first occurrence of the ``value`` on the list.</doc>
<status status="PASS" start="2025-01-15T17:09:37.531516" elapsed="0.000243"/>
</kw>
<kw name="Get From List" owner="Collections">
<msg time="2025-01-15T17:09:37.532040" level="INFO">${numero} = -name-index-16</msg>
<var>${numero}</var>
<arg>${partes}</arg>
<arg>${index}</arg>
<doc>Returns the value specified with an ``index`` from ``list``.</doc>
<status status="PASS" start="2025-01-15T17:09:37.531878" elapsed="0.000189"/>
</kw>
<return>
<value>${numero}</value>
<status status="PASS" start="2025-01-15T17:09:37.532127" elapsed="0.000040"/>
</return>
<msg time="2025-01-15T17:09:37.532294" level="INFO">${numero} = -name-index-16</msg>
<var>${numero}</var>
<arg>${id_elemento}</arg>
<status status="PASS" start="2025-01-15T17:09:37.530765" elapsed="0.001557"/>
</kw>
<kw name="Get Text" owner="SeleniumLibrary">
<msg time="2025-01-15T17:09:37.540857" level="INFO">${texto_elemento} = Restauração de disparo Silencioso</msg>
<var>${texto_elemento}</var>
<arg>${elemento}</arg>
<doc>Returns the text value of the element identified by ``locator``.</doc>
<status status="PASS" start="2025-01-15T17:09:37.532442" elapsed="0.008459"/>
</kw>
<kw name="Run Keyword If" owner="BuiltIn">
<arg>'${texto_elemento}' == '${text-template}'</arg>
<arg>Substituir Id Do Checkbox</arg>
<arg>${numero}</arg>
<doc>Runs the given keyword with the given arguments, if ``condition`` is true.</doc>
<status status="PASS" start="2025-01-15T17:09:37.541095" elapsed="0.000293"/>
</kw>
<var name="${elemento}">&lt;selenium.webdriver.remote.webelement.WebElement (session="5adc7f46b9aa8d50c1f29ad212b850ac", element="f.9C8700D3978ED77291FBF292132BF80F.d.B1C4FA539514C8652A5A9D920D447B51.e.126")&gt;</var>
<status status="PASS" start="2025-01-15T17:09:37.522872" elapsed="0.018632"/>
</iter>
<iter>
<kw name="Get Element Attribute" owner="SeleniumLibrary">
<msg time="2025-01-15T17:09:37.542485" level="WARN">Keyword 'Get Element Attribute' found both from a custom library 'SeleniumLibrary' and a standard library 'XML'. The custom keyword is used. To select explicitly, and to get rid of this warning, use either 'SeleniumLibrary.Get Element Attribute' or 'XML.Get Element Attribute'.</msg>
<msg time="2025-01-15T17:09:37.549534" level="INFO">${id_elemento} = -name-index-17</msg>
<var>${id_elemento}</var>
<arg>${elemento}</arg>
<arg>id</arg>
<doc>Returns the value of ``attribute`` from the element ``locator``.</doc>
<status status="PASS" start="2025-01-15T17:09:37.542578" elapsed="0.007001"/>
</kw>
<kw name="Extract Numero Do Id">
<kw name="Split String" owner="String">
<msg time="2025-01-15T17:09:37.550267" level="INFO">${partes} = ['-name-index-17']</msg>
<var>${partes}</var>
<arg>${id_elemento}</arg>
<arg>'-'</arg>
<doc>Splits the ``string`` using ``separator`` as a delimiter string.</doc>
<status status="PASS" start="2025-01-15T17:09:37.550102" elapsed="0.000194"/>
</kw>
<kw name="Get Index From List" owner="Collections">
<msg time="2025-01-15T17:09:37.550594" level="INFO">${index} = -1</msg>
<var>${index}</var>
<arg>${partes}</arg>
<arg>${text-template}</arg>
<doc>Returns the index of the first occurrence of the ``value`` on the list.</doc>
<status status="PASS" start="2025-01-15T17:09:37.550418" elapsed="0.000203"/>
</kw>
<kw name="Get From List" owner="Collections">
<msg time="2025-01-15T17:09:37.550907" level="INFO">${numero} = -name-index-17</msg>
<var>${numero}</var>
<arg>${partes}</arg>
<arg>${index}</arg>
<doc>Returns the value specified with an ``index`` from ``list``.</doc>
<status status="PASS" start="2025-01-15T17:09:37.550739" elapsed="0.000195"/>
</kw>
<return>
<value>${numero}</value>
<status status="PASS" start="2025-01-15T17:09:37.550998" elapsed="0.000040"/>
</return>
<msg time="2025-01-15T17:09:37.551160" level="INFO">${numero} = -name-index-17</msg>
<var>${numero}</var>
<arg>${id_elemento}</arg>
<status status="PASS" start="2025-01-15T17:09:37.549802" elapsed="0.001383"/>
</kw>
<kw name="Get Text" owner="SeleniumLibrary">
<msg time="2025-01-15T17:09:37.561718" level="INFO">${texto_elemento} = Restauração da supervisão RF</msg>
<var>${texto_elemento}</var>
<arg>${elemento}</arg>
<doc>Returns the text value of the element identified by ``locator``.</doc>
<status status="PASS" start="2025-01-15T17:09:37.551426" elapsed="0.010337"/>
</kw>
<kw name="Run Keyword If" owner="BuiltIn">
<arg>'${texto_elemento}' == '${text-template}'</arg>
<arg>Substituir Id Do Checkbox</arg>
<arg>${numero}</arg>
<doc>Runs the given keyword with the given arguments, if ``condition`` is true.</doc>
<status status="PASS" start="2025-01-15T17:09:37.561956" elapsed="0.000223"/>
</kw>
<var name="${elemento}">&lt;selenium.webdriver.remote.webelement.WebElement (session="5adc7f46b9aa8d50c1f29ad212b850ac", element="f.9C8700D3978ED77291FBF292132BF80F.d.B1C4FA539514C8652A5A9D920D447B51.e.127")&gt;</var>
<status status="PASS" start="2025-01-15T17:09:37.542047" elapsed="0.020197"/>
</iter>
<iter>
<kw name="Get Element Attribute" owner="SeleniumLibrary">
<msg time="2025-01-15T17:09:37.562494" level="WARN">Keyword 'Get Element Attribute' found both from a custom library 'SeleniumLibrary' and a standard library 'XML'. The custom keyword is used. To select explicitly, and to get rid of this warning, use either 'SeleniumLibrary.Get Element Attribute' or 'XML.Get Element Attribute'.</msg>
<msg time="2025-01-15T17:09:37.568668" level="INFO">${id_elemento} = -name-index-18</msg>
<var>${id_elemento}</var>
<arg>${elemento}</arg>
<arg>id</arg>
<doc>Returns the value of ``attribute`` from the element ``locator``.</doc>
<status status="PASS" start="2025-01-15T17:09:37.562534" elapsed="0.006177"/>
</kw>
<kw name="Extract Numero Do Id">
<kw name="Split String" owner="String">
<msg time="2025-01-15T17:09:37.569421" level="INFO">${partes} = ['-name-index-18']</msg>
<var>${partes}</var>
<arg>${id_elemento}</arg>
<arg>'-'</arg>
<doc>Splits the ``string`` using ``separator`` as a delimiter string.</doc>
<status status="PASS" start="2025-01-15T17:09:37.569233" elapsed="0.000217"/>
</kw>
<kw name="Get Index From List" owner="Collections">
<msg time="2025-01-15T17:09:37.569847" level="INFO">${index} = -1</msg>
<var>${index}</var>
<arg>${partes}</arg>
<arg>${text-template}</arg>
<doc>Returns the index of the first occurrence of the ``value`` on the list.</doc>
<status status="PASS" start="2025-01-15T17:09:37.569575" elapsed="0.000326"/>
</kw>
<kw name="Get From List" owner="Collections">
<msg time="2025-01-15T17:09:37.570249" level="INFO">${numero} = -name-index-18</msg>
<var>${numero}</var>
<arg>${partes}</arg>
<arg>${index}</arg>
<doc>Returns the value specified with an ``index`` from ``list``.</doc>
<status status="PASS" start="2025-01-15T17:09:37.570060" elapsed="0.000234"/>
</kw>
<return>
<value>${numero}</value>
<status status="PASS" start="2025-01-15T17:09:37.570368" elapsed="0.000050"/>
</return>
<msg time="2025-01-15T17:09:37.570570" level="INFO">${numero} = -name-index-18</msg>
<var>${numero}</var>
<arg>${id_elemento}</arg>
<status status="PASS" start="2025-01-15T17:09:37.568921" elapsed="0.001677"/>
</kw>
<kw name="Get Text" owner="SeleniumLibrary">
<msg time="2025-01-15T17:09:37.579470" level="INFO">${texto_elemento} = Fiação do sensor recuperada</msg>
<var>${texto_elemento}</var>
<arg>${elemento}</arg>
<doc>Returns the text value of the element identified by ``locator``.</doc>
<status status="PASS" start="2025-01-15T17:09:37.570761" elapsed="0.008752"/>
</kw>
<kw name="Run Keyword If" owner="BuiltIn">
<arg>'${texto_elemento}' == '${text-template}'</arg>
<arg>Substituir Id Do Checkbox</arg>
<arg>${numero}</arg>
<doc>Runs the given keyword with the given arguments, if ``condition`` is true.</doc>
<status status="PASS" start="2025-01-15T17:09:37.579699" elapsed="0.000211"/>
</kw>
<var name="${elemento}">&lt;selenium.webdriver.remote.webelement.WebElement (session="5adc7f46b9aa8d50c1f29ad212b850ac", element="f.9C8700D3978ED77291FBF292132BF80F.d.B1C4FA539514C8652A5A9D920D447B51.e.128")&gt;</var>
<status status="PASS" start="2025-01-15T17:09:37.562411" elapsed="0.017560"/>
</iter>
<iter>
<kw name="Get Element Attribute" owner="SeleniumLibrary">
<msg time="2025-01-15T17:09:37.580183" level="WARN">Keyword 'Get Element Attribute' found both from a custom library 'SeleniumLibrary' and a standard library 'XML'. The custom keyword is used. To select explicitly, and to get rid of this warning, use either 'SeleniumLibrary.Get Element Attribute' or 'XML.Get Element Attribute'.</msg>
<msg time="2025-01-15T17:09:37.586178" level="INFO">${id_elemento} = -name-index-19</msg>
<var>${id_elemento}</var>
<arg>${elemento}</arg>
<arg>id</arg>
<doc>Returns the value of ``attribute`` from the element ``locator``.</doc>
<status status="PASS" start="2025-01-15T17:09:37.580231" elapsed="0.006003"/>
</kw>
<kw name="Extract Numero Do Id">
<kw name="Split String" owner="String">
<msg time="2025-01-15T17:09:37.587344" level="INFO">${partes} = ['-name-index-19']</msg>
<var>${partes}</var>
<arg>${id_elemento}</arg>
<arg>'-'</arg>
<doc>Splits the ``string`` using ``separator`` as a delimiter string.</doc>
<status status="PASS" start="2025-01-15T17:09:37.587047" elapsed="0.000339"/>
</kw>
<kw name="Get Index From List" owner="Collections">
<msg time="2025-01-15T17:09:37.587819" level="INFO">${index} = -1</msg>
<var>${index}</var>
<arg>${partes}</arg>
<arg>${text-template}</arg>
<doc>Returns the index of the first occurrence of the ``value`` on the list.</doc>
<status status="PASS" start="2025-01-15T17:09:37.587577" elapsed="0.000288"/>
</kw>
<kw name="Get From List" owner="Collections">
<msg time="2025-01-15T17:09:37.588498" level="INFO">${numero} = -name-index-19</msg>
<var>${numero}</var>
<arg>${partes}</arg>
<arg>${index}</arg>
<doc>Returns the value specified with an ``index`` from ``list``.</doc>
<status status="PASS" start="2025-01-15T17:09:37.588162" elapsed="0.000391"/>
</kw>
<return>
<value>${numero}</value>
<status status="PASS" start="2025-01-15T17:09:37.588676" elapsed="0.000071"/>
</return>
<msg time="2025-01-15T17:09:37.588979" level="INFO">${numero} = -name-index-19</msg>
<var>${numero}</var>
<arg>${id_elemento}</arg>
<status status="PASS" start="2025-01-15T17:09:37.586530" elapsed="0.002495"/>
</kw>
<kw name="Get Text" owner="SeleniumLibrary">
<msg time="2025-01-15T17:09:37.598329" level="INFO">${texto_elemento} = Fiação do sensor recuperada</msg>
<var>${texto_elemento}</var>
<arg>${elemento}</arg>
<doc>Returns the text value of the element identified by ``locator``.</doc>
<status status="PASS" start="2025-01-15T17:09:37.589302" elapsed="0.009071"/>
</kw>
<kw name="Run Keyword If" owner="BuiltIn">
<arg>'${texto_elemento}' == '${text-template}'</arg>
<arg>Substituir Id Do Checkbox</arg>
<arg>${numero}</arg>
<doc>Runs the given keyword with the given arguments, if ``condition`` is true.</doc>
<status status="PASS" start="2025-01-15T17:09:37.598589" elapsed="0.000217"/>
</kw>
<var name="${elemento}">&lt;selenium.webdriver.remote.webelement.WebElement (session="5adc7f46b9aa8d50c1f29ad212b850ac", element="f.9C8700D3978ED77291FBF292132BF80F.d.B1C4FA539514C8652A5A9D920D447B51.e.129")&gt;</var>
<status status="PASS" start="2025-01-15T17:09:37.580103" elapsed="0.018763"/>
</iter>
<iter>
<kw name="Get Element Attribute" owner="SeleniumLibrary">
<msg time="2025-01-15T17:09:37.599082" level="WARN">Keyword 'Get Element Attribute' found both from a custom library 'SeleniumLibrary' and a standard library 'XML'. The custom keyword is used. To select explicitly, and to get rid of this warning, use either 'SeleniumLibrary.Get Element Attribute' or 'XML.Get Element Attribute'.</msg>
<msg time="2025-01-15T17:09:37.606295" level="INFO">${id_elemento} = -name-index-20</msg>
<var>${id_elemento}</var>
<arg>${elemento}</arg>
<arg>id</arg>
<doc>Returns the value of ``attribute`` from the element ``locator``.</doc>
<status status="PASS" start="2025-01-15T17:09:37.599124" elapsed="0.007235"/>
</kw>
<kw name="Extract Numero Do Id">
<kw name="Split String" owner="String">
<msg time="2025-01-15T17:09:37.607671" level="INFO">${partes} = ['-name-index-20']</msg>
<var>${partes}</var>
<arg>${id_elemento}</arg>
<arg>'-'</arg>
<doc>Splits the ``string`` using ``separator`` as a delimiter string.</doc>
<status status="PASS" start="2025-01-15T17:09:37.607221" elapsed="0.000486"/>
</kw>
<kw name="Get Index From List" owner="Collections">
<msg time="2025-01-15T17:09:37.608062" level="INFO">${index} = -1</msg>
<var>${index}</var>
<arg>${partes}</arg>
<arg>${text-template}</arg>
<doc>Returns the index of the first occurrence of the ``value`` on the list.</doc>
<status status="PASS" start="2025-01-15T17:09:37.607869" elapsed="0.000221"/>
</kw>
<kw name="Get From List" owner="Collections">
<msg time="2025-01-15T17:09:37.608378" level="INFO">${numero} = -name-index-20</msg>
<var>${numero}</var>
<arg>${partes}</arg>
<arg>${index}</arg>
<doc>Returns the value specified with an ``index`` from ``list``.</doc>
<status status="PASS" start="2025-01-15T17:09:37.608212" elapsed="0.000193"/>
</kw>
<return>
<value>${numero}</value>
<status status="PASS" start="2025-01-15T17:09:37.608470" elapsed="0.000051"/>
</return>
<msg time="2025-01-15T17:09:37.608675" level="INFO">${numero} = -name-index-20</msg>
<var>${numero}</var>
<arg>${id_elemento}</arg>
<status status="PASS" start="2025-01-15T17:09:37.606668" elapsed="0.002033"/>
</kw>
<kw name="Get Text" owner="SeleniumLibrary">
<msg time="2025-01-15T17:09:37.617396" level="INFO">${texto_elemento} = Tamper restaurado</msg>
<var>${texto_elemento}</var>
<arg>${elemento}</arg>
<doc>Returns the text value of the element identified by ``locator``.</doc>
<status status="PASS" start="2025-01-15T17:09:37.608858" elapsed="0.008583"/>
</kw>
<kw name="Run Keyword If" owner="BuiltIn">
<arg>'${texto_elemento}' == '${text-template}'</arg>
<arg>Substituir Id Do Checkbox</arg>
<arg>${numero}</arg>
<doc>Runs the given keyword with the given arguments, if ``condition`` is true.</doc>
<status status="PASS" start="2025-01-15T17:09:37.617648" elapsed="0.000216"/>
</kw>
<var name="${elemento}">&lt;selenium.webdriver.remote.webelement.WebElement (session="5adc7f46b9aa8d50c1f29ad212b850ac", element="f.9C8700D3978ED77291FBF292132BF80F.d.B1C4FA539514C8652A5A9D920D447B51.e.130")&gt;</var>
<status status="PASS" start="2025-01-15T17:09:37.599001" elapsed="0.018925"/>
</iter>
<iter>
<kw name="Get Element Attribute" owner="SeleniumLibrary">
<msg time="2025-01-15T17:09:37.618141" level="WARN">Keyword 'Get Element Attribute' found both from a custom library 'SeleniumLibrary' and a standard library 'XML'. The custom keyword is used. To select explicitly, and to get rid of this warning, use either 'SeleniumLibrary.Get Element Attribute' or 'XML.Get Element Attribute'.</msg>
<msg time="2025-01-15T17:09:37.626564" level="INFO">${id_elemento} = -name-index-21</msg>
<var>${id_elemento}</var>
<arg>${elemento}</arg>
<arg>id</arg>
<doc>Returns the value of ``attribute`` from the element ``locator``.</doc>
<status status="PASS" start="2025-01-15T17:09:37.618183" elapsed="0.008423"/>
</kw>
<kw name="Extract Numero Do Id">
<kw name="Split String" owner="String">
<msg time="2025-01-15T17:09:37.627266" level="INFO">${partes} = ['-name-index-21']</msg>
<var>${partes}</var>
<arg>${id_elemento}</arg>
<arg>'-'</arg>
<doc>Splits the ``string`` using ``separator`` as a delimiter string.</doc>
<status status="PASS" start="2025-01-15T17:09:37.627102" elapsed="0.000193"/>
</kw>
<kw name="Get Index From List" owner="Collections">
<msg time="2025-01-15T17:09:37.627604" level="INFO">${index} = -1</msg>
<var>${index}</var>
<arg>${partes}</arg>
<arg>${text-template}</arg>
<doc>Returns the index of the first occurrence of the ``value`` on the list.</doc>
<status status="PASS" start="2025-01-15T17:09:37.627415" elapsed="0.000217"/>
</kw>
<kw name="Get From List" owner="Collections">
<msg time="2025-01-15T17:09:37.627911" level="INFO">${numero} = -name-index-21</msg>
<var>${numero}</var>
<arg>${partes}</arg>
<arg>${index}</arg>
<doc>Returns the value specified with an ``index`` from ``list``.</doc>
<status status="PASS" start="2025-01-15T17:09:37.627750" elapsed="0.000187"/>
</kw>
<return>
<value>${numero}</value>
<status status="PASS" start="2025-01-15T17:09:37.627999" elapsed="0.000043"/>
</return>
<msg time="2025-01-15T17:09:37.628162" level="INFO">${numero} = -name-index-21</msg>
<var>${numero}</var>
<arg>${id_elemento}</arg>
<status status="PASS" start="2025-01-15T17:09:37.626809" elapsed="0.001379"/>
</kw>
<kw name="Get Text" owner="SeleniumLibrary">
<msg time="2025-01-15T17:09:37.636568" level="INFO">${texto_elemento} = Bateria recuperada</msg>
<var>${texto_elemento}</var>
<arg>${elemento}</arg>
<doc>Returns the text value of the element identified by ``locator``.</doc>
<status status="PASS" start="2025-01-15T17:09:37.628306" elapsed="0.008338"/>
</kw>
<kw name="Run Keyword If" owner="BuiltIn">
<arg>'${texto_elemento}' == '${text-template}'</arg>
<arg>Substituir Id Do Checkbox</arg>
<arg>${numero}</arg>
<doc>Runs the given keyword with the given arguments, if ``condition`` is true.</doc>
<status status="PASS" start="2025-01-15T17:09:37.636903" elapsed="0.000300"/>
</kw>
<var name="${elemento}">&lt;selenium.webdriver.remote.webelement.WebElement (session="5adc7f46b9aa8d50c1f29ad212b850ac", element="f.9C8700D3978ED77291FBF292132BF80F.d.B1C4FA539514C8652A5A9D920D447B51.e.131")&gt;</var>
<status status="PASS" start="2025-01-15T17:09:37.618061" elapsed="0.019225"/>
</iter>
<iter>
<kw name="Get Element Attribute" owner="SeleniumLibrary">
[...]
<msg time="2025-01-15T17:09:37.792768" level="WARN">Keyword 'Get Element Attribute' found both from a custom library 'SeleniumLibrary' and a standard library 'XML'. The custom keyword is used. To select explicitly, and to get rid of this warning, use either 'SeleniumLibrary.Get Element Attribute' or 'XML.Get Element Attribute'.</msg>
<msg time="2025-01-15T17:09:37.811380" level="WARN">Keyword 'Get Element Attribute' found both from a custom library 'SeleniumLibrary' and a standard library 'XML'. The custom keyword is used. To select explicitly, and to get rid of this warning, use either 'SeleniumLibrary.Get Element Attribute' or 'XML.Get Element Attribute'.</msg>
<msg time="2025-01-15T17:09:37.829670" level="WARN">Keyword 'Get Element Attribute' found both from a custom library 'SeleniumLibrary' and a standard library 'XML'. The custom keyword is used. To select explicitly, and to get rid of this warning, use either 'SeleniumLibrary.Get Element Attribute' or 'XML.Get Element Attribute'.</msg>
<msg time="2025-01-15T17:09:37.848340" level="WARN">Keyword 'Get Element Attribute' found both from a custom library 'SeleniumLibrary' and a standard library 'XML'. The custom keyword is used. To select explicitly, and to get rid of this warning, use either 'SeleniumLibrary.Get Element Attribute' or 'XML.Get Element Attribute'.</msg>
<msg time="2025-01-15T17:09:37.866768" level="WARN">Keyword 'Get Element Attribute' found both from a custom library 'SeleniumLibrary' and a standard library 'XML'. The custom keyword is used. To select explicitly, and to get rid of this warning, use either 'SeleniumLibrary.Get Element Attribute' or 'XML.Get Element Attribute'.</msg>
<msg time="2025-01-15T17:09:37.885331" level="WARN">Keyword 'Get Element Attribute' found both from a custom library 'SeleniumLibrary' and a standard library 'XML'. The custom keyword is used. To select explicitly, and to get rid of this warning, use either 'SeleniumLibrary.Get Element Attribute' or 'XML.Get Element Attribute'.</msg>
<msg time="2025-01-15T17:09:37.904772" level="WARN">Keyword 'Get Element Attribute' found both from a custom library 'SeleniumLibrary' and a standard library 'XML'. The custom keyword is used. To select explicitly, and to get rid of this warning, use either 'SeleniumLibrary.Get Element Attribute' or 'XML.Get Element Attribute'.</msg>
<msg time="2025-01-15T17:09:37.927715" level="WARN">Keyword 'Get Element Attribute' found both from a custom library 'SeleniumLibrary' and a standard library 'XML'. The custom keyword is used. To select explicitly, and to get rid of this warning, use either 'SeleniumLibrary.Get Element Attribute' or 'XML.Get Element Attribute'.</msg>
<msg time="2025-01-15T17:09:37.946675" level="WARN">Keyword 'Get Element Attribute' found both from a custom library 'SeleniumLibrary' and a standard library 'XML'. The custom keyword is used. To select explicitly, and to get rid of this warning, use either 'SeleniumLibrary.Get Element Attribute' or 'XML.Get Element Attribute'.</msg>
<msg time="2025-01-15T17:09:37.965023" level="WARN">Keyword 'Get Element Attribute' found both from a custom library 'SeleniumLibrary' and a standard library 'XML'. The custom keyword is used. To select explicitly, and to get rid of this warning, use either 'SeleniumLibrary.Get Element Attribute' or 'XML.Get Element Attribute'.</msg>
<msg time="2025-01-15T17:09:37.989041" level="WARN">Keyword 'Get Element Attribute' found both from a custom library 'SeleniumLibrary' and a standard library 'XML'. The custom keyword is used. To select explicitly, and to get rid of this warning, use either 'SeleniumLibrary.Get Element Attribute' or 'XML.Get Element Attribute'.</msg>
<msg time="2025-01-15T17:09:38.009499" level="WARN">Keyword 'Get Element Attribute' found both from a custom library 'SeleniumLibrary' and a standard library 'XML'. The custom keyword is used. To select explicitly, and to get rid of this warning, use either 'SeleniumLibrary.Get Element Attribute' or 'XML.Get Element Attribute'.</msg>
<msg time="2025-01-15T17:09:38.030802" level="WARN">Keyword 'Get Element Attribute' found both from a custom library 'SeleniumLibrary' and a standard library 'XML'. The custom keyword is used. To select explicitly, and to get rid of this warning, use either 'SeleniumLibrary.Get Element Attribute' or 'XML.Get Element Attribute'.</msg>
<msg time="2025-01-15T17:09:38.051367" level="WARN">Keyword 'Get Element Attribute' found both from a custom library 'SeleniumLibrary' and a standard library 'XML'. The custom keyword is used. To select explicitly, and to get rid of this warning, use either 'SeleniumLibrary.Get Element Attribute' or 'XML.Get Element Attribute'.</msg>
<msg time="2025-01-15T17:09:38.071590" level="WARN">Keyword 'Get Element Attribute' found both from a custom library 'SeleniumLibrary' and a standard library 'XML'. The custom keyword is used. To select explicitly, and to get rid of this warning, use either 'SeleniumLibrary.Get Element Attribute' or 'XML.Get Element Attribute'.</msg>
<msg time="2025-01-15T17:09:38.091243" level="WARN">Keyword 'Get Element Attribute' found both from a custom library 'SeleniumLibrary' and a standard library 'XML'. The custom keyword is used. To select explicitly, and to get rid of this warning, use either 'SeleniumLibrary.Get Element Attribute' or 'XML.Get Element Attribute'.</msg>
<msg time="2025-01-15T17:09:38.108731" level="WARN">Keyword 'Get Element Attribute' found both from a custom library 'SeleniumLibrary' and a standard library 'XML'. The custom keyword is used. To select explicitly, and to get rid of this warning, use either 'SeleniumLibrary.Get Element Attribute' or 'XML.Get Element Attribute'.</msg>
<msg time="2025-01-15T17:09:38.127818" level="WARN">Keyword 'Get Element Attribute' found both from a custom library 'SeleniumLibrary' and a standard library 'XML'. The custom keyword is used. To select explicitly, and to get rid of this warning, use either 'SeleniumLibrary.Get Element Attribute' or 'XML.Get Element Attribute'.</msg>
<msg time="2025-01-15T17:09:38.148285" level="WARN">Keyword 'Get Element Attribute' found both from a custom library 'SeleniumLibrary' and a standard library 'XML'. The custom keyword is used. To select explicitly, and to get rid of this warning, use either 'SeleniumLibrary.Get Element Attribute' or 'XML.Get Element Attribute'.</msg>
<msg time="2025-01-15T17:09:38.167186" level="WARN">Keyword 'Get Element Attribute' found both from a custom library 'SeleniumLibrary' and a standard library 'XML'. The custom keyword is used. To select explicitly, and to get rid of this warning, use either 'SeleniumLibrary.Get Element Attribute' or 'XML.Get Element Attribute'.</msg>
<msg time="2025-01-15T17:09:38.188649" level="WARN">Keyword 'Get Element Attribute' found both from a custom library 'SeleniumLibrary' and a standard library 'XML'. The custom keyword is used. To select explicitly, and to get rid of this warning, use either 'SeleniumLibrary.Get Element Attribute' or 'XML.Get Element Attribute'.</msg>
<msg time="2025-01-15T17:09:38.209905" level="WARN">Keyword 'Get Element Attribute' found both from a custom library 'SeleniumLibrary' and a standard library 'XML'. The custom keyword is used. To select explicitly, and to get rid of this warning, use either 'SeleniumLibrary.Get Element Attribute' or 'XML.Get Element Attribute'.</msg>
<msg time="2025-01-15T17:09:38.228752" level="WARN">Keyword 'Get Element Attribute' found both from a custom library 'SeleniumLibrary' and a standard library 'XML'. The custom keyword is used. To select explicitly, and to get rid of this warning, use either 'SeleniumLibrary.Get Element Attribute' or 'XML.Get Element Attribute'.</msg>
<msg time="2025-01-15T17:09:38.248916" level="WARN">Keyword 'Get Element Attribute' found both from a custom library 'SeleniumLibrary' and a standard library 'XML'. The custom keyword is used. To select explicitly, and to get rid of this warning, use either 'SeleniumLibrary.Get Element Attribute' or 'XML.Get Element Attribute'.</msg>
<msg time="2025-01-15T17:09:38.271521" level="WARN">Keyword 'Get Element Attribute' found both from a custom library 'SeleniumLibrary' and a standard library 'XML'. The custom keyword is used. To select explicitly, and to get rid of this warning, use either 'SeleniumLibrary.Get Element Attribute' or 'XML.Get Element Attribute'.</msg>
<msg time="2025-01-15T17:09:38.292523" level="WARN">Keyword 'Get Element Attribute' found both from a custom library 'SeleniumLibrary' and a standard library 'XML'. The custom keyword is used. To select explicitly, and to get rid of this warning, use either 'SeleniumLibrary.Get Element Attribute' or 'XML.Get Element Attribute'.</msg>
<msg time="2025-01-15T17:09:38.310954" level="WARN">Keyword 'Get Element Attribute' found both from a custom library 'SeleniumLibrary' and a standard library 'XML'. The custom keyword is used. To select explicitly, and to get rid of this warning, use either 'SeleniumLibrary.Get Element Attribute' or 'XML.Get Element Attribute'.</msg>
<msg time="2025-01-15T17:09:38.329992" level="WARN">Keyword 'Get Element Attribute' found both from a custom library 'SeleniumLibrary' and a standard library 'XML'. The custom keyword is used. To select explicitly, and to get rid of this warning, use either 'SeleniumLibrary.Get Element Attribute' or 'XML.Get Element Attribute'.</msg>
<msg time="2025-01-15T17:09:38.351820" level="WARN">Keyword 'Get Element Attribute' found both from a custom library 'SeleniumLibrary' and a standard library 'XML'. The custom keyword is used. To select explicitly, and to get rid of this warning, use either 'SeleniumLibrary.Get Element Attribute' or 'XML.Get Element Attribute'.</msg>
<msg time="2025-01-15T17:09:38.370011" level="WARN">Keyword 'Get Element Attribute' found both from a custom library 'SeleniumLibrary' and a standard library 'XML'. The custom keyword is used. To select explicitly, and to get rid of this warning, use either 'SeleniumLibrary.Get Element Attribute' or 'XML.Get Element Attribute'.</msg>
<msg time="2025-01-15T17:09:38.391231" level="WARN">Keyword 'Get Element Attribute' found both from a custom library 'SeleniumLibrary' and a standard library 'XML'. The custom keyword is used. To select explicitly, and to get rid of this warning, use either 'SeleniumLibrary.Get Element Attribute' or 'XML.Get Element Attribute'.</msg>
<msg time="2025-01-15T17:09:38.409271" level="WARN">Keyword 'Get Element Attribute' found both from a custom library 'SeleniumLibrary' and a standard library 'XML'. The custom keyword is used. To select explicitly, and to get rid of this warning, use either 'SeleniumLibrary.Get Element Attribute' or 'XML.Get Element Attribute'.</msg>
<msg time="2025-01-15T17:09:38.428873" level="WARN">Keyword 'Get Element Attribute' found both from a custom library 'SeleniumLibrary' and a standard library 'XML'. The custom keyword is used. To select explicitly, and to get rid of this warning, use either 'SeleniumLibrary.Get Element Attribute' or 'XML.Get Element Attribute'.</msg>
<msg time="2025-01-15T17:09:38.453416" level="WARN">Keyword 'Get Element Attribute' found both from a custom library 'SeleniumLibrary' and a standard library 'XML'. The custom keyword is used. To select explicitly, and to get rid of this warning, use either 'SeleniumLibrary.Get Element Attribute' or 'XML.Get Element Attribute'.</msg>
<msg time="2025-01-15T17:09:38.477391" level="WARN">Keyword 'Get Element Attribute' found both from a custom library 'SeleniumLibrary' and a standard library 'XML'. The custom keyword is used. To select explicitly, and to get rid of this warning, use either 'SeleniumLibrary.Get Element Attribute' or 'XML.Get Element Attribute'.</msg>
<msg time="2025-01-15T17:09:38.500573" level="WARN">Keyword 'Get Element Attribute' found both from a custom library 'SeleniumLibrary' and a standard library 'XML'. The custom keyword is used. To select explicitly, and to get rid of this warning, use either 'SeleniumLibrary.Get Element Attribute' or 'XML.Get Element Attribute'.</msg>
<msg time="2025-01-15T17:09:38.524992" level="WARN">Keyword 'Get Element Attribute' found both from a custom library 'SeleniumLibrary' and a standard library 'XML'. The custom keyword is used. To select explicitly, and to get rid of this warning, use either 'SeleniumLibrary.Get Element Attribute' or 'XML.Get Element Attribute'.</msg>
<msg time="2025-01-15T17:09:38.546672" level="WARN">Keyword 'Get Element Attribute' found both from a custom library 'SeleniumLibrary' and a standard library 'XML'. The custom keyword is used. To select explicitly, and to get rid of this warning, use either 'SeleniumLibrary.Get Element Attribute' or 'XML.Get Element Attribute'.</msg>
<msg time="2025-01-15T17:09:38.567690" level="WARN">Keyword 'Get Element Attribute' found both from a custom library 'SeleniumLibrary' and a standard library 'XML'. The custom keyword is used. To select explicitly, and to get rid of this warning, use either 'SeleniumLibrary.Get Element Attribute' or 'XML.Get Element Attribute'.</msg>
<msg time="2025-01-15T17:09:38.592579" level="WARN">Keyword 'Get Element Attribute' found both from a custom library 'SeleniumLibrary' and a standard library 'XML'. The custom keyword is used. To select explicitly, and to get rid of this warning, use either 'SeleniumLibrary.Get Element Attribute' or 'XML.Get Element Attribute'.</msg>
<msg time="2025-01-15T17:09:38.613733" level="WARN">Keyword 'Get Element Attribute' found both from a custom library 'SeleniumLibrary' and a standard library 'XML'. The custom keyword is used. To select explicitly, and to get rid of this warning, use either 'SeleniumLibrary.Get Element Attribute' or 'XML.Get Element Attribute'.</msg>
<msg time="2025-01-15T17:09:38.633456" level="WARN">Keyword 'Get Element Attribute' found both from a custom library 'SeleniumLibrary' and a standard library 'XML'. The custom keyword is used. To select explicitly, and to get rid of this warning, use either 'SeleniumLibrary.Get Element Attribute' or 'XML.Get Element Attribute'.</msg>
<msg time="2025-01-15T17:09:38.654009" level="WARN">Keyword 'Get Element Attribute' found both from a custom library 'SeleniumLibrary' and a standard library 'XML'. The custom keyword is used. To select explicitly, and to get rid of this warning, use either 'SeleniumLibrary.Get Element Attribute' or 'XML.Get Element Attribute'.</msg>
<msg time="2025-01-15T17:09:38.675854" level="WARN">Keyword 'Get Element Attribute' found both from a custom library 'SeleniumLibrary' and a standard library 'XML'. The custom keyword is used. To select explicitly, and to get rid of this warning, use either 'SeleniumLibrary.Get Element Attribute' or 'XML.Get Element Attribute'.</msg>
<msg time="2025-01-15T17:09:38.697508" level="WARN">Keyword 'Get Element Attribute' found both from a custom library 'SeleniumLibrary' and a standard library 'XML'. The custom keyword is used. To select explicitly, and to get rid of this warning, use either 'SeleniumLibrary.Get Element Attribute' or 'XML.Get Element Attribute'.</msg>
<msg time="2025-01-15T17:09:38.719604" level="WARN">Keyword 'Get Element Attribute' found both from a custom library 'SeleniumLibrary' and a standard library 'XML'. The custom keyword is used. To select explicitly, and to get rid of this warning, use either 'SeleniumLibrary.Get Element Attribute' or 'XML.Get Element Attribute'.</msg>
<msg time="2025-01-15T17:09:38.741502" level="WARN">Keyword 'Get Element Attribute' found both from a custom library 'SeleniumLibrary' and a standard library 'XML'. The custom keyword is used. To select explicitly, and to get rid of this warning, use either 'SeleniumLibrary.Get Element Attribute' or 'XML.Get Element Attribute'.</msg>
<msg time="2025-01-15T17:09:38.762405" level="WARN">Keyword 'Get Element Attribute' found both from a custom library 'SeleniumLibrary' and a standard library 'XML'. The custom keyword is used. To select explicitly, and to get rid of this warning, use either 'SeleniumLibrary.Get Element Attribute' or 'XML.Get Element Attribute'.</msg>
<msg time="2025-01-15T17:09:38.783521" level="WARN">Keyword 'Get Element Attribute' found both from a custom library 'SeleniumLibrary' and a standard library 'XML'. The custom keyword is used. To select explicitly, and to get rid of this warning, use either 'SeleniumLibrary.Get Element Attribute' or 'XML.Get Element Attribute'.</msg>
<msg time="2025-01-15T17:09:38.853593" level="WARN">Keyword 'Get Element Attribute' found both from a custom library 'SeleniumLibrary' and a standard library 'XML'. The custom keyword is used. To select explicitly, and to get rid of this warning, use either 'SeleniumLibrary.Get Element Attribute' or 'XML.Get Element Attribute'.</msg>
<msg time="2025-01-15T17:09:38.879480" level="WARN">Keyword 'Get Element Attribute' found both from a custom library 'SeleniumLibrary' and a standard library 'XML'. The custom keyword is used. To select explicitly, and to get rid of this warning, use either 'SeleniumLibrary.Get Element Attribute' or 'XML.Get Element Attribute'.</msg>
<msg time="2025-01-15T17:09:38.898824" level="WARN">Keyword 'Get Element Attribute' found both from a custom library 'SeleniumLibrary' and a standard library 'XML'. The custom keyword is used. To select explicitly, and to get rid of this warning, use either 'SeleniumLibrary.Get Element Attribute' or 'XML.Get Element Attribute'.</msg>
<msg time="2025-01-15T17:09:38.919873" level="WARN">Keyword 'Get Element Attribute' found both from a custom library 'SeleniumLibrary' and a standard library 'XML'. The custom keyword is used. To select explicitly, and to get rid of this warning, use either 'SeleniumLibrary.Get Element Attribute' or 'XML.Get Element Attribute'.</msg>
<msg time="2025-01-15T17:09:38.943272" level="WARN">Keyword 'Get Element Attribute' found both from a custom library 'SeleniumLibrary' and a standard library 'XML'. The custom keyword is used. To select explicitly, and to get rid of this warning, use either 'SeleniumLibrary.Get Element Attribute' or 'XML.Get Element Attribute'.</msg>
<msg time="2025-01-15T17:09:38.965089" level="WARN">Keyword 'Get Element Attribute' found both from a custom library 'SeleniumLibrary' and a standard library 'XML'. The custom keyword is used. To select explicitly, and to get rid of this warning, use either 'SeleniumLibrary.Get Element Attribute' or 'XML.Get Element Attribute'.</msg>
<msg time="2025-01-15T17:09:38.987902" level="WARN">Keyword 'Get Element Attribute' found both from a custom library 'SeleniumLibrary' and a standard library 'XML'. The custom keyword is used. To select explicitly, and to get rid of this warning, use either 'SeleniumLibrary.Get Element Attribute' or 'XML.Get Element Attribute'.</msg>
<msg time="2025-01-15T17:09:39.009993" level="WARN">Keyword 'Get Element Attribute' found both from a custom library 'SeleniumLibrary' and a standard library 'XML'. The custom keyword is used. To select explicitly, and to get rid of this warning, use either 'SeleniumLibrary.Get Element Attribute' or 'XML.Get Element Attribute'.</msg>
<msg time="2025-01-15T17:09:39.032534" level="WARN">Keyword 'Get Element Attribute' found both from a custom library 'SeleniumLibrary' and a standard library 'XML'. The custom keyword is used. To select explicitly, and to get rid of this warning, use either 'SeleniumLibrary.Get Element Attribute' or 'XML.Get Element Attribute'.</msg>
<msg time="2025-01-15T17:09:39.054777" level="WARN">Keyword 'Get Element Attribute' found both from a custom library 'SeleniumLibrary' and a standard library 'XML'. The custom keyword is used. To select explicitly, and to get rid of this warning, use either 'SeleniumLibrary.Get Element Attribute' or 'XML.Get Element Attribute'.</msg>
</errors>
</robot>
